[2025-03-02T12:17:54.719+0000] {local_task_job_runner.py:123} INFO - ::group::Pre task execution logs
[2025-03-02T12:17:54.744+0000] {taskinstance.py:2614} INFO - Dependencies all met for dep_context=non-requeueable deps ti=<TaskInstance: redshift_to_s3_dag.execute_top_3_most_viewed_products manual__2025-03-02T12:17:53.362475+00:00 [queued]>
[2025-03-02T12:17:54.755+0000] {taskinstance.py:2614} INFO - Dependencies all met for dep_context=requeueable deps ti=<TaskInstance: redshift_to_s3_dag.execute_top_3_most_viewed_products manual__2025-03-02T12:17:53.362475+00:00 [queued]>
[2025-03-02T12:17:54.757+0000] {taskinstance.py:2867} INFO - Starting attempt 1 of 2
[2025-03-02T12:17:54.772+0000] {taskinstance.py:2890} INFO - Executing <Task(PythonOperator): execute_top_3_most_viewed_products> on 2025-03-02 12:17:53.362475+00:00
[2025-03-02T12:17:54.785+0000] {logging_mixin.py:190} WARNING - /home/***/.local/lib/python3.12/site-packages/***/task/task_runner/standard_task_runner.py:70 DeprecationWarning: This process (pid=14533) is multi-threaded, use of fork() may lead to deadlocks in the child.
[2025-03-02T12:17:54.788+0000] {standard_task_runner.py:72} INFO - Started process 14537 to run task
[2025-03-02T12:17:54.786+0000] {standard_task_runner.py:104} INFO - Running: ['***', 'tasks', 'run', 'redshift_to_s3_dag', 'execute_top_3_most_viewed_products', 'manual__2025-03-02T12:17:53.362475+00:00', '--job-id', '160', '--raw', '--subdir', 'DAGS_FOLDER/final_aggregation_dag.py', '--cfg-path', '/tmp/tmpcp__jw2g']
[2025-03-02T12:17:54.788+0000] {standard_task_runner.py:105} INFO - Job 160: Subtask execute_top_3_most_viewed_products
[2025-03-02T12:17:54.809+0000] {logging_mixin.py:190} WARNING - /home/***/.local/lib/python3.12/site-packages/***/settings.py:209 DeprecationWarning: The sql_alchemy_conn option in [core] has been moved to the sql_alchemy_conn option in [database] - the old setting has been used, but please update your config.
[2025-03-02T12:17:54.850+0000] {task_command.py:467} INFO - Running <TaskInstance: redshift_to_s3_dag.execute_top_3_most_viewed_products manual__2025-03-02T12:17:53.362475+00:00 [running]> on host 22871c84ed32
[2025-03-02T12:17:54.988+0000] {taskinstance.py:3134} INFO - Exporting env vars: AIRFLOW_CTX_DAG_OWNER='***' AIRFLOW_CTX_DAG_ID='redshift_to_s3_dag' AIRFLOW_CTX_TASK_ID='execute_top_3_most_viewed_products' AIRFLOW_CTX_EXECUTION_DATE='2025-03-02T12:17:53.362475+00:00' AIRFLOW_CTX_TRY_NUMBER='1' AIRFLOW_CTX_DAG_RUN_ID='manual__2025-03-02T12:17:53.362475+00:00'
[2025-03-02T12:17:54.989+0000] {taskinstance.py:732} INFO - ::endgroup::
[2025-03-02T12:18:07.047+0000] {logging_mixin.py:190} INFO - Query top_3_most_viewed_products executed. Results saved to /tmp/top_3_most_viewed_products.csv
[2025-03-02T12:18:07.062+0000] {python.py:240} INFO - Done. Returned value was: None
[2025-03-02T12:18:07.072+0000] {taskinstance.py:341} INFO - ::group::Post task execution logs
[2025-03-02T12:18:07.073+0000] {taskinstance.py:353} INFO - Marking task as SUCCESS. dag_id=redshift_to_s3_dag, task_id=execute_top_3_most_viewed_products, run_id=manual__2025-03-02T12:17:53.362475+00:00, execution_date=20250302T121753, start_date=20250302T121754, end_date=20250302T121807
[2025-03-02T12:18:07.121+0000] {local_task_job_runner.py:266} INFO - Task exited with return code 0
[2025-03-02T12:18:07.148+0000] {taskinstance.py:3901} INFO - 1 downstream tasks scheduled from follow-on schedule check
[2025-03-02T12:18:07.150+0000] {local_task_job_runner.py:245} INFO - ::endgroup::
