[2025-02-26T13:18:23.073+0000] {local_task_job_runner.py:123} INFO - ::group::Pre task execution logs
[2025-02-26T13:18:23.098+0000] {taskinstance.py:2614} INFO - Dependencies all met for dep_context=non-requeueable deps ti=<TaskInstance: json_ingestion_s3_partitioned.upload_events manual__2025-02-26T13:18:21.833140+00:00 [queued]>
[2025-02-26T13:18:23.111+0000] {taskinstance.py:2614} INFO - Dependencies all met for dep_context=requeueable deps ti=<TaskInstance: json_ingestion_s3_partitioned.upload_events manual__2025-02-26T13:18:21.833140+00:00 [queued]>
[2025-02-26T13:18:23.112+0000] {taskinstance.py:2867} INFO - Starting attempt 1 of 2
[2025-02-26T13:18:23.132+0000] {taskinstance.py:2890} INFO - Executing <Task(PythonOperator): upload_events> on 2025-02-26 13:18:21.833140+00:00
[2025-02-26T13:18:23.141+0000] {logging_mixin.py:190} WARNING - /home/***/.local/lib/python3.12/site-packages/***/task/task_runner/standard_task_runner.py:70 DeprecationWarning: This process (pid=208) is multi-threaded, use of fork() may lead to deadlocks in the child.
[2025-02-26T13:18:23.142+0000] {standard_task_runner.py:72} INFO - Started process 209 to run task
[2025-02-26T13:18:23.141+0000] {standard_task_runner.py:104} INFO - Running: ['***', 'tasks', 'run', 'json_ingestion_s3_partitioned', 'upload_events', 'manual__2025-02-26T13:18:21.833140+00:00', '--job-id', '42', '--raw', '--subdir', 'DAGS_FOLDER/ingestion_dag.py', '--cfg-path', '/tmp/tmpzvzuyu6f']
[2025-02-26T13:18:23.143+0000] {standard_task_runner.py:105} INFO - Job 42: Subtask upload_events
[2025-02-26T13:18:23.163+0000] {logging_mixin.py:190} WARNING - /home/***/.local/lib/python3.12/site-packages/***/settings.py:209 DeprecationWarning: The sql_alchemy_conn option in [core] has been moved to the sql_alchemy_conn option in [database] - the old setting has been used, but please update your config.
[2025-02-26T13:18:23.209+0000] {task_command.py:467} INFO - Running <TaskInstance: json_ingestion_s3_partitioned.upload_events manual__2025-02-26T13:18:21.833140+00:00 [running]> on host ead0f16edeff
[2025-02-26T13:18:23.338+0000] {taskinstance.py:3134} INFO - Exporting env vars: AIRFLOW_CTX_DAG_OWNER='***' AIRFLOW_CTX_DAG_ID='json_ingestion_s3_partitioned' AIRFLOW_CTX_TASK_ID='upload_events' AIRFLOW_CTX_EXECUTION_DATE='2025-02-26T13:18:21.833140+00:00' AIRFLOW_CTX_TRY_NUMBER='1' AIRFLOW_CTX_DAG_RUN_ID='manual__2025-02-26T13:18:21.833140+00:00'
[2025-02-26T13:18:23.340+0000] {taskinstance.py:732} INFO - ::endgroup::
[2025-02-26T13:18:23.384+0000] {logging_mixin.py:190} INFO - Partition Path: 2025-02-26/
[2025-02-26T13:18:23.386+0000] {logging_mixin.py:190} INFO - Uploading events.json to users_events/2025-02-26/events.json
[2025-02-26T13:18:24.780+0000] {logging_mixin.py:190} INFO - Uploaded: events.json to S3://dataingestionjson/users_events/2025-02-26/events.json
[2025-02-26T13:18:24.781+0000] {python.py:240} INFO - Done. Returned value was: None
[2025-02-26T13:18:24.789+0000] {taskinstance.py:341} INFO - ::group::Post task execution logs
[2025-02-26T13:18:24.790+0000] {taskinstance.py:353} INFO - Marking task as SUCCESS. dag_id=json_ingestion_s3_partitioned, task_id=upload_events, run_id=manual__2025-02-26T13:18:21.833140+00:00, execution_date=20250226T131821, start_date=20250226T131823, end_date=20250226T131824
[2025-02-26T13:18:24.842+0000] {local_task_job_runner.py:266} INFO - Task exited with return code 0
[2025-02-26T13:18:24.866+0000] {taskinstance.py:3901} INFO - 1 downstream tasks scheduled from follow-on schedule check
[2025-02-26T13:18:24.868+0000] {local_task_job_runner.py:245} INFO - ::endgroup::
