[2025-03-03T02:50:44.730+0000] {local_task_job_runner.py:123} INFO - ::group::Pre task execution logs
[2025-03-03T02:50:44.758+0000] {taskinstance.py:2614} INFO - Dependencies all met for dep_context=non-requeueable deps ti=<TaskInstance: json_ingestion_s3_partitioned.upload_product_metadata manual__2025-03-03T02:50:40.577467+00:00 [queued]>
[2025-03-03T02:50:44.772+0000] {taskinstance.py:2614} INFO - Dependencies all met for dep_context=requeueable deps ti=<TaskInstance: json_ingestion_s3_partitioned.upload_product_metadata manual__2025-03-03T02:50:40.577467+00:00 [queued]>
[2025-03-03T02:50:44.773+0000] {taskinstance.py:2867} INFO - Starting attempt 1 of 2
[2025-03-03T02:50:44.790+0000] {taskinstance.py:2890} INFO - Executing <Task(PythonOperator): upload_product_metadata> on 2025-03-03 02:50:40.577467+00:00
[2025-03-03T02:50:44.797+0000] {logging_mixin.py:190} WARNING - /home/***/.local/lib/python3.12/site-packages/***/task/task_runner/standard_task_runner.py:70 DeprecationWarning: This process (pid=373) is multi-threaded, use of fork() may lead to deadlocks in the child.
[2025-03-03T02:50:44.799+0000] {standard_task_runner.py:72} INFO - Started process 374 to run task
[2025-03-03T02:50:44.798+0000] {standard_task_runner.py:104} INFO - Running: ['***', 'tasks', 'run', 'json_ingestion_s3_partitioned', 'upload_product_metadata', 'manual__2025-03-03T02:50:40.577467+00:00', '--job-id', '195', '--raw', '--subdir', 'DAGS_FOLDER/ingestion_dag.py', '--cfg-path', '/tmp/tmp6ar1uwey']
[2025-03-03T02:50:44.800+0000] {standard_task_runner.py:105} INFO - Job 195: Subtask upload_product_metadata
[2025-03-03T02:50:44.823+0000] {logging_mixin.py:190} WARNING - /home/***/.local/lib/python3.12/site-packages/***/settings.py:209 DeprecationWarning: The sql_alchemy_conn option in [core] has been moved to the sql_alchemy_conn option in [database] - the old setting has been used, but please update your config.
[2025-03-03T02:50:44.866+0000] {task_command.py:467} INFO - Running <TaskInstance: json_ingestion_s3_partitioned.upload_product_metadata manual__2025-03-03T02:50:40.577467+00:00 [running]> on host 22871c84ed32
[2025-03-03T02:50:44.983+0000] {taskinstance.py:3134} INFO - Exporting env vars: AIRFLOW_CTX_DAG_OWNER='***' AIRFLOW_CTX_DAG_ID='json_ingestion_s3_partitioned' AIRFLOW_CTX_TASK_ID='upload_product_metadata' AIRFLOW_CTX_EXECUTION_DATE='2025-03-03T02:50:40.577467+00:00' AIRFLOW_CTX_TRY_NUMBER='1' AIRFLOW_CTX_DAG_RUN_ID='manual__2025-03-03T02:50:40.577467+00:00'
[2025-03-03T02:50:44.985+0000] {taskinstance.py:732} INFO - ::endgroup::
[2025-03-03T02:50:45.003+0000] {logging_mixin.py:190} INFO - Partition Path: 2025-03-03/
[2025-03-03T02:50:45.005+0000] {logging_mixin.py:190} INFO - Uploading product_metadata.json to product_metadata/2025-03-03/product_metadata.json
[2025-03-03T02:50:46.041+0000] {logging_mixin.py:190} INFO - Uploaded: product_metadata.json to S3://dataingestionjson/product_metadata/2025-03-03/product_metadata.json
[2025-03-03T02:50:46.041+0000] {python.py:240} INFO - Done. Returned value was: None
[2025-03-03T02:50:46.052+0000] {taskinstance.py:341} INFO - ::group::Post task execution logs
[2025-03-03T02:50:46.053+0000] {taskinstance.py:353} INFO - Marking task as SUCCESS. dag_id=json_ingestion_s3_partitioned, task_id=upload_product_metadata, run_id=manual__2025-03-03T02:50:40.577467+00:00, execution_date=20250303T025040, start_date=20250303T025044, end_date=20250303T025046
[2025-03-03T02:50:46.092+0000] {local_task_job_runner.py:266} INFO - Task exited with return code 0
[2025-03-03T02:50:46.112+0000] {taskinstance.py:3901} INFO - 0 downstream tasks scheduled from follow-on schedule check
[2025-03-03T02:50:46.114+0000] {local_task_job_runner.py:245} INFO - ::endgroup::
