[2025-02-27T04:31:21.341+0000] {local_task_job_runner.py:123} INFO - ::group::Pre task execution logs
[2025-02-27T04:31:21.397+0000] {taskinstance.py:2614} INFO - Dependencies all met for dep_context=non-requeueable deps ti=<TaskInstance: json_ingestion_s3_partitioned.upload_product_metadata manual__2025-02-27T04:31:16.884264+00:00 [queued]>
[2025-02-27T04:31:21.423+0000] {taskinstance.py:2614} INFO - Dependencies all met for dep_context=requeueable deps ti=<TaskInstance: json_ingestion_s3_partitioned.upload_product_metadata manual__2025-02-27T04:31:16.884264+00:00 [queued]>
[2025-02-27T04:31:21.423+0000] {taskinstance.py:2867} INFO - Starting attempt 1 of 2
[2025-02-27T04:31:21.442+0000] {taskinstance.py:2890} INFO - Executing <Task(PythonOperator): upload_product_metadata> on 2025-02-27 04:31:16.884264+00:00
[2025-02-27T04:31:21.452+0000] {logging_mixin.py:190} WARNING - /home/***/.local/lib/python3.12/site-packages/***/task/task_runner/standard_task_runner.py:70 DeprecationWarning: This process (pid=511) is multi-threaded, use of fork() may lead to deadlocks in the child.
[2025-02-27T04:31:21.453+0000] {standard_task_runner.py:72} INFO - Started process 513 to run task
[2025-02-27T04:31:21.452+0000] {standard_task_runner.py:104} INFO - Running: ['***', 'tasks', 'run', 'json_ingestion_s3_partitioned', 'upload_product_metadata', 'manual__2025-02-27T04:31:16.884264+00:00', '--job-id', '4', '--raw', '--subdir', 'DAGS_FOLDER/ingestion_dag.py', '--cfg-path', '/tmp/tmpzip4z8c_']
[2025-02-27T04:31:21.455+0000] {standard_task_runner.py:105} INFO - Job 4: Subtask upload_product_metadata
[2025-02-27T04:31:21.473+0000] {logging_mixin.py:190} WARNING - /home/***/.local/lib/python3.12/site-packages/***/settings.py:209 DeprecationWarning: The sql_alchemy_conn option in [core] has been moved to the sql_alchemy_conn option in [database] - the old setting has been used, but please update your config.
[2025-02-27T04:31:21.522+0000] {task_command.py:467} INFO - Running <TaskInstance: json_ingestion_s3_partitioned.upload_product_metadata manual__2025-02-27T04:31:16.884264+00:00 [running]> on host 7e48220ee45f
[2025-02-27T04:31:21.631+0000] {taskinstance.py:3134} INFO - Exporting env vars: AIRFLOW_CTX_DAG_OWNER='***' AIRFLOW_CTX_DAG_ID='json_ingestion_s3_partitioned' AIRFLOW_CTX_TASK_ID='upload_product_metadata' AIRFLOW_CTX_EXECUTION_DATE='2025-02-27T04:31:16.884264+00:00' AIRFLOW_CTX_TRY_NUMBER='1' AIRFLOW_CTX_DAG_RUN_ID='manual__2025-02-27T04:31:16.884264+00:00'
[2025-02-27T04:31:21.632+0000] {taskinstance.py:732} INFO - ::endgroup::
[2025-02-27T04:31:21.655+0000] {logging_mixin.py:190} INFO - Partition Path: 2025-02-27/
[2025-02-27T04:31:21.658+0000] {logging_mixin.py:190} INFO - Uploading product_metadata.json to product_metadata/2025-02-27/product_metadata.json
[2025-02-27T04:31:22.654+0000] {logging_mixin.py:190} INFO - Uploaded: product_metadata.json to S3://dataingestionjson/product_metadata/2025-02-27/product_metadata.json
[2025-02-27T04:31:22.655+0000] {python.py:240} INFO - Done. Returned value was: None
[2025-02-27T04:31:22.667+0000] {taskinstance.py:341} INFO - ::group::Post task execution logs
[2025-02-27T04:31:22.668+0000] {taskinstance.py:353} INFO - Marking task as SUCCESS. dag_id=json_ingestion_s3_partitioned, task_id=upload_product_metadata, run_id=manual__2025-02-27T04:31:16.884264+00:00, execution_date=20250227T043116, start_date=20250227T043121, end_date=20250227T043122
[2025-02-27T04:31:22.705+0000] {local_task_job_runner.py:266} INFO - Task exited with return code 0
[2025-02-27T04:31:22.724+0000] {taskinstance.py:3901} INFO - 0 downstream tasks scheduled from follow-on schedule check
[2025-02-27T04:31:22.726+0000] {local_task_job_runner.py:245} INFO - ::endgroup::
