[2025-03-02T12:38:23.136+0000] {local_task_job_runner.py:123} INFO - ::group::Pre task execution logs
[2025-03-02T12:38:23.166+0000] {taskinstance.py:2614} INFO - Dependencies all met for dep_context=non-requeueable deps ti=<TaskInstance: redshift_to_s3_dag.upload_to_s3 manual__2025-03-02T12:38:18.015435+00:00 [queued]>
[2025-03-02T12:38:23.178+0000] {taskinstance.py:2614} INFO - Dependencies all met for dep_context=requeueable deps ti=<TaskInstance: redshift_to_s3_dag.upload_to_s3 manual__2025-03-02T12:38:18.015435+00:00 [queued]>
[2025-03-02T12:38:23.179+0000] {taskinstance.py:2867} INFO - Starting attempt 1 of 2
[2025-03-02T12:38:23.191+0000] {taskinstance.py:2890} INFO - Executing <Task(PythonOperator): upload_to_s3> on 2025-03-02 12:38:18.015435+00:00
[2025-03-02T12:38:23.199+0000] {logging_mixin.py:190} WARNING - /home/***/.local/lib/python3.12/site-packages/***/task/task_runner/standard_task_runner.py:70 DeprecationWarning: This process (pid=15670) is multi-threaded, use of fork() may lead to deadlocks in the child.
[2025-03-02T12:38:23.201+0000] {standard_task_runner.py:72} INFO - Started process 15672 to run task
[2025-03-02T12:38:23.200+0000] {standard_task_runner.py:104} INFO - Running: ['***', 'tasks', 'run', 'redshift_to_s3_dag', 'upload_to_s3', 'manual__2025-03-02T12:38:18.015435+00:00', '--job-id', '172', '--raw', '--subdir', 'DAGS_FOLDER/final_aggregation_dag.py', '--cfg-path', '/tmp/tmp1iczuadu']
[2025-03-02T12:38:23.202+0000] {standard_task_runner.py:105} INFO - Job 172: Subtask upload_to_s3
[2025-03-02T12:38:23.218+0000] {logging_mixin.py:190} WARNING - /home/***/.local/lib/python3.12/site-packages/***/settings.py:209 DeprecationWarning: The sql_alchemy_conn option in [core] has been moved to the sql_alchemy_conn option in [database] - the old setting has been used, but please update your config.
[2025-03-02T12:38:23.254+0000] {task_command.py:467} INFO - Running <TaskInstance: redshift_to_s3_dag.upload_to_s3 manual__2025-03-02T12:38:18.015435+00:00 [running]> on host 22871c84ed32
[2025-03-02T12:38:23.348+0000] {taskinstance.py:3134} INFO - Exporting env vars: AIRFLOW_CTX_DAG_OWNER='***' AIRFLOW_CTX_DAG_ID='redshift_to_s3_dag' AIRFLOW_CTX_TASK_ID='upload_to_s3' AIRFLOW_CTX_EXECUTION_DATE='2025-03-02T12:38:18.015435+00:00' AIRFLOW_CTX_TRY_NUMBER='1' AIRFLOW_CTX_DAG_RUN_ID='manual__2025-03-02T12:38:18.015435+00:00'
[2025-03-02T12:38:23.349+0000] {taskinstance.py:732} INFO - ::endgroup::
[2025-03-02T12:38:23.393+0000] {credentials.py:1278} INFO - Found credentials in shared credentials file: ~/.aws/credentials
[2025-03-02T12:38:24.761+0000] {logging_mixin.py:190} INFO - Uploaded /tmp/total_revenue_by_category.csv to s3://finalresultsevents/final_metrics_result/total_revenue_by_category.csv
[2025-03-02T12:38:25.819+0000] {logging_mixin.py:190} INFO - Uploaded /tmp/top_3_most_viewed_products.csv to s3://finalresultsevents/final_metrics_result/top_3_most_viewed_products.csv
[2025-03-02T12:38:25.833+0000] {python.py:240} INFO - Done. Returned value was: None
[2025-03-02T12:38:25.845+0000] {taskinstance.py:341} INFO - ::group::Post task execution logs
[2025-03-02T12:38:25.846+0000] {taskinstance.py:353} INFO - Marking task as SUCCESS. dag_id=redshift_to_s3_dag, task_id=upload_to_s3, run_id=manual__2025-03-02T12:38:18.015435+00:00, execution_date=20250302T123818, start_date=20250302T123823, end_date=20250302T123825
[2025-03-02T12:38:25.890+0000] {local_task_job_runner.py:266} INFO - Task exited with return code 0
[2025-03-02T12:38:25.910+0000] {taskinstance.py:3901} INFO - 0 downstream tasks scheduled from follow-on schedule check
[2025-03-02T12:38:25.912+0000] {local_task_job_runner.py:245} INFO - ::endgroup::
