[2025-03-01T16:01:47.790+0000] {local_task_job_runner.py:123} INFO - ::group::Pre task execution logs
[2025-03-01T16:01:47.810+0000] {taskinstance.py:2614} INFO - Dependencies all met for dep_context=non-requeueable deps ti=<TaskInstance: s3_to_redshift_transformed.run_etl_task manual__2025-03-01T16:01:46.043454+00:00 [queued]>
[2025-03-01T16:01:47.819+0000] {taskinstance.py:2614} INFO - Dependencies all met for dep_context=requeueable deps ti=<TaskInstance: s3_to_redshift_transformed.run_etl_task manual__2025-03-01T16:01:46.043454+00:00 [queued]>
[2025-03-01T16:01:47.820+0000] {taskinstance.py:2867} INFO - Starting attempt 1 of 2
[2025-03-01T16:01:47.834+0000] {taskinstance.py:2890} INFO - Executing <Task(PythonOperator): run_etl_task> on 2025-03-01 16:01:46.043454+00:00
[2025-03-01T16:01:47.843+0000] {logging_mixin.py:190} WARNING - /home/***/.local/lib/python3.12/site-packages/***/task/task_runner/standard_task_runner.py:70 DeprecationWarning: This process (pid=3757) is multi-threaded, use of fork() may lead to deadlocks in the child.
[2025-03-01T16:01:47.844+0000] {standard_task_runner.py:72} INFO - Started process 3759 to run task
[2025-03-01T16:01:47.843+0000] {standard_task_runner.py:104} INFO - Running: ['***', 'tasks', 'run', 's3_to_redshift_transformed', 'run_etl_task', 'manual__2025-03-01T16:01:46.043454+00:00', '--job-id', '112', '--raw', '--subdir', 'DAGS_FOLDER/s3_transformation_redshift_dag.py', '--cfg-path', '/tmp/tmp4nk44_am']
[2025-03-01T16:01:47.846+0000] {standard_task_runner.py:105} INFO - Job 112: Subtask run_etl_task
[2025-03-01T16:01:47.862+0000] {logging_mixin.py:190} WARNING - /home/***/.local/lib/python3.12/site-packages/***/settings.py:209 DeprecationWarning: The sql_alchemy_conn option in [core] has been moved to the sql_alchemy_conn option in [database] - the old setting has been used, but please update your config.
[2025-03-01T16:01:47.900+0000] {task_command.py:467} INFO - Running <TaskInstance: s3_to_redshift_transformed.run_etl_task manual__2025-03-01T16:01:46.043454+00:00 [running]> on host 763fac820cd7
[2025-03-01T16:01:48.004+0000] {taskinstance.py:3134} INFO - Exporting env vars: AIRFLOW_CTX_DAG_OWNER='***' AIRFLOW_CTX_DAG_ID='s3_to_redshift_transformed' AIRFLOW_CTX_TASK_ID='run_etl_task' AIRFLOW_CTX_EXECUTION_DATE='2025-03-01T16:01:46.043454+00:00' AIRFLOW_CTX_TRY_NUMBER='1' AIRFLOW_CTX_DAG_RUN_ID='manual__2025-03-01T16:01:46.043454+00:00'
[2025-03-01T16:01:48.005+0000] {taskinstance.py:732} INFO - ::endgroup::
[2025-03-01T16:01:50.275+0000] {logging_mixin.py:190} INFO -   event_details.event_type  event_details.user.user_id  ...  stock  partition_date
0                 purchase                           1  ...    0.0      2024-10-13
1                page_view                           2  ...    0.0      2024-10-13
2                page_view                           2  ...    0.0      2024-10-13
3             wishlist_add                           3  ...    0.0      2024-10-13

[4 rows x 12 columns]
[2025-03-01T16:01:51.261+0000] {logging_mixin.py:190} INFO - Processed data uploaded to s3://dataingestionjson/processed/2025-02-28/transformed_data.parquet
[2025-03-01T16:02:14.446+0000] {logging_mixin.py:190} INFO - Data successfully loaded into Redshift table: transformed.transformed_processed
[2025-03-01T16:02:14.447+0000] {python.py:240} INFO - Done. Returned value was: None
[2025-03-01T16:02:14.458+0000] {taskinstance.py:341} INFO - ::group::Post task execution logs
[2025-03-01T16:02:14.459+0000] {taskinstance.py:353} INFO - Marking task as SUCCESS. dag_id=s3_to_redshift_transformed, task_id=run_etl_task, run_id=manual__2025-03-01T16:01:46.043454+00:00, execution_date=20250301T160146, start_date=20250301T160147, end_date=20250301T160214
[2025-03-01T16:02:14.506+0000] {local_task_job_runner.py:266} INFO - Task exited with return code 0
[2025-03-01T16:02:14.523+0000] {taskinstance.py:3901} INFO - 0 downstream tasks scheduled from follow-on schedule check
[2025-03-01T16:02:14.525+0000] {local_task_job_runner.py:245} INFO - ::endgroup::
