[2025-02-27T04:31:21.384+0000] {local_task_job_runner.py:123} INFO - ::group::Pre task execution logs
[2025-02-27T04:31:21.433+0000] {taskinstance.py:2614} INFO - Dependencies all met for dep_context=non-requeueable deps ti=<TaskInstance: json_ingestion_s3_partitioned.upload_product_metadata scheduled__2025-02-26T00:00:00+00:00 [queued]>
[2025-02-27T04:31:21.447+0000] {taskinstance.py:2614} INFO - Dependencies all met for dep_context=requeueable deps ti=<TaskInstance: json_ingestion_s3_partitioned.upload_product_metadata scheduled__2025-02-26T00:00:00+00:00 [queued]>
[2025-02-27T04:31:21.447+0000] {taskinstance.py:2867} INFO - Starting attempt 1 of 2
[2025-02-27T04:31:21.469+0000] {taskinstance.py:2890} INFO - Executing <Task(PythonOperator): upload_product_metadata> on 2025-02-26 00:00:00+00:00
[2025-02-27T04:31:21.478+0000] {logging_mixin.py:190} WARNING - /home/***/.local/lib/python3.12/site-packages/***/task/task_runner/standard_task_runner.py:70 DeprecationWarning: This process (pid=512) is multi-threaded, use of fork() may lead to deadlocks in the child.
[2025-02-27T04:31:21.480+0000] {standard_task_runner.py:72} INFO - Started process 515 to run task
[2025-02-27T04:31:21.478+0000] {standard_task_runner.py:104} INFO - Running: ['***', 'tasks', 'run', 'json_ingestion_s3_partitioned', 'upload_product_metadata', 'scheduled__2025-02-26T00:00:00+00:00', '--job-id', '5', '--raw', '--subdir', 'DAGS_FOLDER/ingestion_dag.py', '--cfg-path', '/tmp/tmp7ku5h9nx']
[2025-02-27T04:31:21.481+0000] {standard_task_runner.py:105} INFO - Job 5: Subtask upload_product_metadata
[2025-02-27T04:31:21.502+0000] {logging_mixin.py:190} WARNING - /home/***/.local/lib/python3.12/site-packages/***/settings.py:209 DeprecationWarning: The sql_alchemy_conn option in [core] has been moved to the sql_alchemy_conn option in [database] - the old setting has been used, but please update your config.
[2025-02-27T04:31:21.548+0000] {task_command.py:467} INFO - Running <TaskInstance: json_ingestion_s3_partitioned.upload_product_metadata scheduled__2025-02-26T00:00:00+00:00 [running]> on host 7e48220ee45f
[2025-02-27T04:31:21.551+0000] {logging_mixin.py:190} WARNING - /home/***/.local/lib/python3.12/site-packages/***/settings.py:470 DeprecationWarning: The sql_alchemy_conn option in [core] has been moved to the sql_alchemy_conn option in [database] - the old setting has been used, but please update your config.
[2025-02-27T04:31:21.661+0000] {taskinstance.py:3134} INFO - Exporting env vars: AIRFLOW_CTX_DAG_OWNER='***' AIRFLOW_CTX_DAG_ID='json_ingestion_s3_partitioned' AIRFLOW_CTX_TASK_ID='upload_product_metadata' AIRFLOW_CTX_EXECUTION_DATE='2025-02-26T00:00:00+00:00' AIRFLOW_CTX_TRY_NUMBER='1' AIRFLOW_CTX_DAG_RUN_ID='scheduled__2025-02-26T00:00:00+00:00'
[2025-02-27T04:31:21.662+0000] {taskinstance.py:732} INFO - ::endgroup::
[2025-02-27T04:31:21.686+0000] {logging_mixin.py:190} INFO - Partition Path: 2025-02-26/
[2025-02-27T04:31:21.687+0000] {logging_mixin.py:190} INFO - Uploading product_metadata.json to product_metadata/2025-02-26/product_metadata.json
[2025-02-27T04:31:22.678+0000] {logging_mixin.py:190} INFO - Uploaded: product_metadata.json to S3://dataingestionjson/product_metadata/2025-02-26/product_metadata.json
[2025-02-27T04:31:22.678+0000] {python.py:240} INFO - Done. Returned value was: None
[2025-02-27T04:31:22.689+0000] {taskinstance.py:341} INFO - ::group::Post task execution logs
[2025-02-27T04:31:22.690+0000] {taskinstance.py:353} INFO - Marking task as SUCCESS. dag_id=json_ingestion_s3_partitioned, task_id=upload_product_metadata, run_id=scheduled__2025-02-26T00:00:00+00:00, execution_date=20250226T000000, start_date=20250227T043121, end_date=20250227T043122
[2025-02-27T04:31:22.731+0000] {local_task_job_runner.py:266} INFO - Task exited with return code 0
[2025-02-27T04:31:22.752+0000] {taskinstance.py:3901} INFO - 0 downstream tasks scheduled from follow-on schedule check
[2025-02-27T04:31:22.754+0000] {local_task_job_runner.py:245} INFO - ::endgroup::
