[2025-03-01T18:32:31.627+0000] {local_task_job_runner.py:123} INFO - ::group::Pre task execution logs
[2025-03-01T18:32:31.648+0000] {taskinstance.py:2614} INFO - Dependencies all met for dep_context=non-requeueable deps ti=<TaskInstance: redshift_query_dag.execute_top_3_most_viewed_products manual__2025-03-01T18:32:25.832699+00:00 [queued]>
[2025-03-01T18:32:31.658+0000] {taskinstance.py:2614} INFO - Dependencies all met for dep_context=requeueable deps ti=<TaskInstance: redshift_query_dag.execute_top_3_most_viewed_products manual__2025-03-01T18:32:25.832699+00:00 [queued]>
[2025-03-01T18:32:31.659+0000] {taskinstance.py:2867} INFO - Starting attempt 1 of 2
[2025-03-01T18:32:31.671+0000] {taskinstance.py:2890} INFO - Executing <Task(PythonOperator): execute_top_3_most_viewed_products> on 2025-03-01 18:32:25.832699+00:00
[2025-03-01T18:32:31.679+0000] {logging_mixin.py:190} WARNING - /home/***/.local/lib/python3.12/site-packages/***/task/task_runner/standard_task_runner.py:70 DeprecationWarning: This process (pid=6300) is multi-threaded, use of fork() may lead to deadlocks in the child.
[2025-03-01T18:32:31.680+0000] {standard_task_runner.py:72} INFO - Started process 6302 to run task
[2025-03-01T18:32:31.679+0000] {standard_task_runner.py:104} INFO - Running: ['***', 'tasks', 'run', 'redshift_query_dag', 'execute_top_3_most_viewed_products', 'manual__2025-03-01T18:32:25.832699+00:00', '--job-id', '116', '--raw', '--subdir', 'DAGS_FOLDER/final_aggregation_dag.py', '--cfg-path', '/tmp/tmpydtzdqqd']
[2025-03-01T18:32:31.682+0000] {standard_task_runner.py:105} INFO - Job 116: Subtask execute_top_3_most_viewed_products
[2025-03-01T18:32:31.697+0000] {logging_mixin.py:190} WARNING - /home/***/.local/lib/python3.12/site-packages/***/settings.py:209 DeprecationWarning: The sql_alchemy_conn option in [core] has been moved to the sql_alchemy_conn option in [database] - the old setting has been used, but please update your config.
[2025-03-01T18:32:31.733+0000] {task_command.py:467} INFO - Running <TaskInstance: redshift_query_dag.execute_top_3_most_viewed_products manual__2025-03-01T18:32:25.832699+00:00 [running]> on host 763fac820cd7
[2025-03-01T18:32:31.817+0000] {taskinstance.py:3134} INFO - Exporting env vars: AIRFLOW_CTX_DAG_OWNER='***' AIRFLOW_CTX_DAG_ID='redshift_query_dag' AIRFLOW_CTX_TASK_ID='execute_top_3_most_viewed_products' AIRFLOW_CTX_EXECUTION_DATE='2025-03-01T18:32:25.832699+00:00' AIRFLOW_CTX_TRY_NUMBER='1' AIRFLOW_CTX_DAG_RUN_ID='manual__2025-03-01T18:32:25.832699+00:00'
[2025-03-01T18:32:31.818+0000] {taskinstance.py:732} INFO - ::endgroup::
[2025-03-01T18:32:33.902+0000] {logging_mixin.py:190} INFO - Error executing query: relation "sales_data" does not exist
[2025-03-01T18:32:33.903+0000] {python.py:240} INFO - Done. Returned value was: None
[2025-03-01T18:32:33.913+0000] {taskinstance.py:341} INFO - ::group::Post task execution logs
[2025-03-01T18:32:33.914+0000] {taskinstance.py:353} INFO - Marking task as SUCCESS. dag_id=redshift_query_dag, task_id=execute_top_3_most_viewed_products, run_id=manual__2025-03-01T18:32:25.832699+00:00, execution_date=20250301T183225, start_date=20250301T183231, end_date=20250301T183233
[2025-03-01T18:32:33.955+0000] {local_task_job_runner.py:266} INFO - Task exited with return code 0
[2025-03-01T18:32:33.978+0000] {taskinstance.py:3901} INFO - 1 downstream tasks scheduled from follow-on schedule check
[2025-03-01T18:32:33.980+0000] {local_task_job_runner.py:245} INFO - ::endgroup::
