[2025-03-02T06:34:21.667+0000] {local_task_job_runner.py:123} INFO - ::group::Pre task execution logs
[2025-03-02T06:34:21.691+0000] {taskinstance.py:2614} INFO - Dependencies all met for dep_context=non-requeueable deps ti=<TaskInstance: s3_to_redshift_transformed.run_etl_task scheduled__2025-03-01T00:00:00+00:00 [queued]>
[2025-03-02T06:34:21.705+0000] {taskinstance.py:2614} INFO - Dependencies all met for dep_context=requeueable deps ti=<TaskInstance: s3_to_redshift_transformed.run_etl_task scheduled__2025-03-01T00:00:00+00:00 [queued]>
[2025-03-02T06:34:21.705+0000] {taskinstance.py:2867} INFO - Starting attempt 2 of 2
[2025-03-02T06:34:21.727+0000] {taskinstance.py:2890} INFO - Executing <Task(PythonOperator): run_etl_task> on 2025-03-01 00:00:00+00:00
[2025-03-02T06:34:21.738+0000] {logging_mixin.py:190} WARNING - /home/***/.local/lib/python3.12/site-packages/***/task/task_runner/standard_task_runner.py:70 DeprecationWarning: This process (pid=221) is multi-threaded, use of fork() may lead to deadlocks in the child.
[2025-03-02T06:34:21.739+0000] {standard_task_runner.py:72} INFO - Started process 252 to run task
[2025-03-02T06:34:21.738+0000] {standard_task_runner.py:104} INFO - Running: ['***', 'tasks', 'run', 's3_to_redshift_transformed', 'run_etl_task', 'scheduled__2025-03-01T00:00:00+00:00', '--job-id', '141', '--raw', '--subdir', 'DAGS_FOLDER/s3_transformation_redshift_dag.py', '--cfg-path', '/tmp/tmpwl8g63s4']
[2025-03-02T06:34:21.742+0000] {standard_task_runner.py:105} INFO - Job 141: Subtask run_etl_task
[2025-03-02T06:34:21.760+0000] {logging_mixin.py:190} WARNING - /home/***/.local/lib/python3.12/site-packages/***/settings.py:209 DeprecationWarning: The sql_alchemy_conn option in [core] has been moved to the sql_alchemy_conn option in [database] - the old setting has been used, but please update your config.
[2025-03-02T06:34:21.813+0000] {task_command.py:467} INFO - Running <TaskInstance: s3_to_redshift_transformed.run_etl_task scheduled__2025-03-01T00:00:00+00:00 [running]> on host 763fac820cd7
[2025-03-02T06:34:21.815+0000] {logging_mixin.py:190} WARNING - /home/***/.local/lib/python3.12/site-packages/***/settings.py:470 DeprecationWarning: The sql_alchemy_conn option in [core] has been moved to the sql_alchemy_conn option in [database] - the old setting has been used, but please update your config.
[2025-03-02T06:34:21.916+0000] {taskinstance.py:3134} INFO - Exporting env vars: AIRFLOW_CTX_DAG_OWNER='***' AIRFLOW_CTX_DAG_ID='s3_to_redshift_transformed' AIRFLOW_CTX_TASK_ID='run_etl_task' AIRFLOW_CTX_EXECUTION_DATE='2025-03-01T00:00:00+00:00' AIRFLOW_CTX_TRY_NUMBER='2' AIRFLOW_CTX_DAG_RUN_ID='scheduled__2025-03-01T00:00:00+00:00'
[2025-03-02T06:34:21.917+0000] {taskinstance.py:732} INFO - ::endgroup::
[2025-03-02T06:34:24.024+0000] {logging_mixin.py:190} INFO -   event_details.event_type  event_details.user.user_id  ...  stock  partition_date
0                 purchase                           1  ...    0.0      2024-10-13
1                page_view                           2  ...    0.0      2024-10-13
2                page_view                           2  ...    0.0      2024-10-13
3             wishlist_add                           3  ...    0.0      2024-10-13

[4 rows x 12 columns]
[2025-03-02T06:34:24.815+0000] {logging_mixin.py:190} INFO - Processed data uploaded to s3://dataingestionjson/processed/2025-02-28/transformed_data.parquet
[2025-03-02T06:34:27.727+0000] {logging_mixin.py:190} INFO - Data successfully loaded into Redshift table: transformed.transformed_processed
[2025-03-02T06:34:27.728+0000] {python.py:240} INFO - Done. Returned value was: None
[2025-03-02T06:34:27.737+0000] {taskinstance.py:341} INFO - ::group::Post task execution logs
[2025-03-02T06:34:27.737+0000] {taskinstance.py:353} INFO - Marking task as SUCCESS. dag_id=s3_to_redshift_transformed, task_id=run_etl_task, run_id=scheduled__2025-03-01T00:00:00+00:00, execution_date=20250301T000000, start_date=20250302T063421, end_date=20250302T063427
[2025-03-02T06:34:27.788+0000] {local_task_job_runner.py:266} INFO - Task exited with return code 0
[2025-03-02T06:34:27.804+0000] {taskinstance.py:3901} INFO - 0 downstream tasks scheduled from follow-on schedule check
[2025-03-02T06:34:27.805+0000] {local_task_job_runner.py:245} INFO - ::endgroup::
