[2025-03-01T03:34:59.493+0000] {local_task_job_runner.py:123} INFO - ::group::Pre task execution logs
[2025-03-01T03:34:59.573+0000] {taskinstance.py:2614} INFO - Dependencies all met for dep_context=non-requeueable deps ti=<TaskInstance: json_ingestion_s3_partitioned.upload_product_metadata scheduled__2025-02-28T00:00:00+00:00 [queued]>
[2025-03-01T03:34:59.608+0000] {taskinstance.py:2614} INFO - Dependencies all met for dep_context=requeueable deps ti=<TaskInstance: json_ingestion_s3_partitioned.upload_product_metadata scheduled__2025-02-28T00:00:00+00:00 [queued]>
[2025-03-01T03:34:59.609+0000] {taskinstance.py:2867} INFO - Starting attempt 1 of 2
[2025-03-01T03:34:59.648+0000] {taskinstance.py:2890} INFO - Executing <Task(PythonOperator): upload_product_metadata> on 2025-02-28 00:00:00+00:00
[2025-03-01T03:34:59.670+0000] {standard_task_runner.py:104} INFO - Running: ['***', 'tasks', 'run', 'json_ingestion_s3_partitioned', 'upload_product_metadata', 'scheduled__2025-02-28T00:00:00+00:00', '--job-id', '89', '--raw', '--subdir', 'DAGS_FOLDER/ingestion_dag.py', '--cfg-path', '/tmp/tmpbh82jx8f']
[2025-03-01T03:34:59.673+0000] {logging_mixin.py:190} WARNING - /home/***/.local/lib/python3.12/site-packages/***/task/task_runner/standard_task_runner.py:70 DeprecationWarning: This process (pid=214) is multi-threaded, use of fork() may lead to deadlocks in the child.
[2025-03-01T03:34:59.679+0000] {standard_task_runner.py:105} INFO - Job 89: Subtask upload_product_metadata
[2025-03-01T03:34:59.680+0000] {standard_task_runner.py:72} INFO - Started process 216 to run task
[2025-03-01T03:34:59.714+0000] {logging_mixin.py:190} WARNING - /home/***/.local/lib/python3.12/site-packages/***/settings.py:209 DeprecationWarning: The sql_alchemy_conn option in [core] has been moved to the sql_alchemy_conn option in [database] - the old setting has been used, but please update your config.
[2025-03-01T03:34:59.788+0000] {task_command.py:467} INFO - Running <TaskInstance: json_ingestion_s3_partitioned.upload_product_metadata scheduled__2025-02-28T00:00:00+00:00 [running]> on host ba37d1932f36
[2025-03-01T03:34:59.794+0000] {logging_mixin.py:190} WARNING - /home/***/.local/lib/python3.12/site-packages/***/settings.py:470 DeprecationWarning: The sql_alchemy_conn option in [core] has been moved to the sql_alchemy_conn option in [database] - the old setting has been used, but please update your config.
[2025-03-01T03:35:00.020+0000] {taskinstance.py:3134} INFO - Exporting env vars: AIRFLOW_CTX_DAG_OWNER='***' AIRFLOW_CTX_DAG_ID='json_ingestion_s3_partitioned' AIRFLOW_CTX_TASK_ID='upload_product_metadata' AIRFLOW_CTX_EXECUTION_DATE='2025-02-28T00:00:00+00:00' AIRFLOW_CTX_TRY_NUMBER='1' AIRFLOW_CTX_DAG_RUN_ID='scheduled__2025-02-28T00:00:00+00:00'
[2025-03-01T03:35:00.022+0000] {taskinstance.py:732} INFO - ::endgroup::
[2025-03-01T03:35:00.052+0000] {logging_mixin.py:190} INFO - Partition Path: 2025-02-28/
[2025-03-01T03:35:00.055+0000] {logging_mixin.py:190} INFO - Uploading product_metadata.json to product_metadata/2025-02-28/product_metadata.json
[2025-03-01T03:35:01.238+0000] {logging_mixin.py:190} INFO - Uploaded: product_metadata.json to S3://dataingestionjson/product_metadata/2025-02-28/product_metadata.json
[2025-03-01T03:35:01.240+0000] {python.py:240} INFO - Done. Returned value was: None
[2025-03-01T03:35:01.259+0000] {taskinstance.py:341} INFO - ::group::Post task execution logs
[2025-03-01T03:35:01.260+0000] {taskinstance.py:353} INFO - Marking task as SUCCESS. dag_id=json_ingestion_s3_partitioned, task_id=upload_product_metadata, run_id=scheduled__2025-02-28T00:00:00+00:00, execution_date=20250228T000000, start_date=20250301T033459, end_date=20250301T033501
[2025-03-01T03:35:01.322+0000] {local_task_job_runner.py:266} INFO - Task exited with return code 0
[2025-03-01T03:35:01.360+0000] {taskinstance.py:3901} INFO - 0 downstream tasks scheduled from follow-on schedule check
[2025-03-01T03:35:01.364+0000] {local_task_job_runner.py:245} INFO - ::endgroup::
