[2025-02-26T12:54:27.108+0000] {local_task_job_runner.py:123} INFO - ::group::Pre task execution logs
[2025-02-26T12:54:27.126+0000] {taskinstance.py:2614} INFO - Dependencies all met for dep_context=non-requeueable deps ti=<TaskInstance: json_ingestion_s3_partitioned.upload_events manual__2025-02-26T12:54:23.807165+00:00 [queued]>
[2025-02-26T12:54:27.135+0000] {taskinstance.py:2614} INFO - Dependencies all met for dep_context=requeueable deps ti=<TaskInstance: json_ingestion_s3_partitioned.upload_events manual__2025-02-26T12:54:23.807165+00:00 [queued]>
[2025-02-26T12:54:27.136+0000] {taskinstance.py:2867} INFO - Starting attempt 1 of 2
[2025-02-26T12:54:27.153+0000] {taskinstance.py:2890} INFO - Executing <Task(PythonOperator): upload_events> on 2025-02-26 12:54:23.807165+00:00
[2025-02-26T12:54:27.161+0000] {logging_mixin.py:190} WARNING - /home/***/.local/lib/python3.12/site-packages/***/task/task_runner/standard_task_runner.py:70 DeprecationWarning: This process (pid=217) is multi-threaded, use of fork() may lead to deadlocks in the child.
[2025-02-26T12:54:27.161+0000] {standard_task_runner.py:104} INFO - Running: ['***', 'tasks', 'run', 'json_ingestion_s3_partitioned', 'upload_events', 'manual__2025-02-26T12:54:23.807165+00:00', '--job-id', '29', '--raw', '--subdir', 'DAGS_FOLDER/ingestion_dag.py', '--cfg-path', '/tmp/tmpolta_qbo']
[2025-02-26T12:54:27.163+0000] {standard_task_runner.py:72} INFO - Started process 218 to run task
[2025-02-26T12:54:27.163+0000] {standard_task_runner.py:105} INFO - Job 29: Subtask upload_events
[2025-02-26T12:54:27.180+0000] {logging_mixin.py:190} WARNING - /home/***/.local/lib/python3.12/site-packages/***/settings.py:209 DeprecationWarning: The sql_alchemy_conn option in [core] has been moved to the sql_alchemy_conn option in [database] - the old setting has been used, but please update your config.
[2025-02-26T12:54:27.220+0000] {task_command.py:467} INFO - Running <TaskInstance: json_ingestion_s3_partitioned.upload_events manual__2025-02-26T12:54:23.807165+00:00 [running]> on host 5ae8cf5e342a
[2025-02-26T12:54:27.325+0000] {taskinstance.py:3134} INFO - Exporting env vars: AIRFLOW_CTX_DAG_OWNER='***' AIRFLOW_CTX_DAG_ID='json_ingestion_s3_partitioned' AIRFLOW_CTX_TASK_ID='upload_events' AIRFLOW_CTX_EXECUTION_DATE='2025-02-26T12:54:23.807165+00:00' AIRFLOW_CTX_TRY_NUMBER='1' AIRFLOW_CTX_DAG_RUN_ID='manual__2025-02-26T12:54:23.807165+00:00'
[2025-02-26T12:54:27.326+0000] {taskinstance.py:732} INFO - ::endgroup::
[2025-02-26T12:54:27.345+0000] {logging_mixin.py:190} INFO - Partition Path: 2025-02-26/
[2025-02-26T12:54:27.346+0000] {logging_mixin.py:190} INFO - Uploading events.json to users_events/2025-02-26/events.json
[2025-02-26T12:54:27.357+0000] {logging_mixin.py:190} INFO - Error uploading events.json: Unable to locate credentials
[2025-02-26T12:54:27.358+0000] {python.py:240} INFO - Done. Returned value was: None
[2025-02-26T12:54:27.369+0000] {taskinstance.py:341} INFO - ::group::Post task execution logs
[2025-02-26T12:54:27.370+0000] {taskinstance.py:353} INFO - Marking task as SUCCESS. dag_id=json_ingestion_s3_partitioned, task_id=upload_events, run_id=manual__2025-02-26T12:54:23.807165+00:00, execution_date=20250226T125423, start_date=20250226T125427, end_date=20250226T125427
[2025-02-26T12:54:27.431+0000] {local_task_job_runner.py:266} INFO - Task exited with return code 0
[2025-02-26T12:54:27.462+0000] {taskinstance.py:3901} INFO - 1 downstream tasks scheduled from follow-on schedule check
[2025-02-26T12:54:27.464+0000] {local_task_job_runner.py:245} INFO - ::endgroup::
