[2025-03-01T18:32:28.626+0000] {local_task_job_runner.py:123} INFO - ::group::Pre task execution logs
[2025-03-01T18:32:28.649+0000] {taskinstance.py:2614} INFO - Dependencies all met for dep_context=non-requeueable deps ti=<TaskInstance: redshift_query_dag.execute_top_3_most_viewed_products scheduled__2025-02-28T00:00:00+00:00 [queued]>
[2025-03-01T18:32:28.658+0000] {taskinstance.py:2614} INFO - Dependencies all met for dep_context=requeueable deps ti=<TaskInstance: redshift_query_dag.execute_top_3_most_viewed_products scheduled__2025-02-28T00:00:00+00:00 [queued]>
[2025-03-01T18:32:28.659+0000] {taskinstance.py:2867} INFO - Starting attempt 1 of 2
[2025-03-01T18:32:28.670+0000] {taskinstance.py:2890} INFO - Executing <Task(PythonOperator): execute_top_3_most_viewed_products> on 2025-02-28 00:00:00+00:00
[2025-03-01T18:32:28.677+0000] {logging_mixin.py:190} WARNING - /home/***/.local/lib/python3.12/site-packages/***/task/task_runner/standard_task_runner.py:70 DeprecationWarning: This process (pid=6296) is multi-threaded, use of fork() may lead to deadlocks in the child.
[2025-03-01T18:32:28.678+0000] {standard_task_runner.py:72} INFO - Started process 6298 to run task
[2025-03-01T18:32:28.677+0000] {standard_task_runner.py:104} INFO - Running: ['***', 'tasks', 'run', 'redshift_query_dag', 'execute_top_3_most_viewed_products', 'scheduled__2025-02-28T00:00:00+00:00', '--job-id', '115', '--raw', '--subdir', 'DAGS_FOLDER/final_aggregation_dag.py', '--cfg-path', '/tmp/tmpgj0o9m7t']
[2025-03-01T18:32:28.680+0000] {standard_task_runner.py:105} INFO - Job 115: Subtask execute_top_3_most_viewed_products
[2025-03-01T18:32:28.693+0000] {logging_mixin.py:190} WARNING - /home/***/.local/lib/python3.12/site-packages/***/settings.py:209 DeprecationWarning: The sql_alchemy_conn option in [core] has been moved to the sql_alchemy_conn option in [database] - the old setting has been used, but please update your config.
[2025-03-01T18:32:28.732+0000] {task_command.py:467} INFO - Running <TaskInstance: redshift_query_dag.execute_top_3_most_viewed_products scheduled__2025-02-28T00:00:00+00:00 [running]> on host 763fac820cd7
[2025-03-01T18:32:28.733+0000] {logging_mixin.py:190} WARNING - /home/***/.local/lib/python3.12/site-packages/***/settings.py:470 DeprecationWarning: The sql_alchemy_conn option in [core] has been moved to the sql_alchemy_conn option in [database] - the old setting has been used, but please update your config.
[2025-03-01T18:32:28.817+0000] {taskinstance.py:3134} INFO - Exporting env vars: AIRFLOW_CTX_DAG_OWNER='***' AIRFLOW_CTX_DAG_ID='redshift_query_dag' AIRFLOW_CTX_TASK_ID='execute_top_3_most_viewed_products' AIRFLOW_CTX_EXECUTION_DATE='2025-02-28T00:00:00+00:00' AIRFLOW_CTX_TRY_NUMBER='1' AIRFLOW_CTX_DAG_RUN_ID='scheduled__2025-02-28T00:00:00+00:00'
[2025-03-01T18:32:28.818+0000] {taskinstance.py:732} INFO - ::endgroup::
[2025-03-01T18:32:31.236+0000] {logging_mixin.py:190} INFO - Error executing query: relation "sales_data" does not exist
[2025-03-01T18:32:31.237+0000] {python.py:240} INFO - Done. Returned value was: None
[2025-03-01T18:32:31.249+0000] {taskinstance.py:341} INFO - ::group::Post task execution logs
[2025-03-01T18:32:31.252+0000] {taskinstance.py:353} INFO - Marking task as SUCCESS. dag_id=redshift_query_dag, task_id=execute_top_3_most_viewed_products, run_id=scheduled__2025-02-28T00:00:00+00:00, execution_date=20250228T000000, start_date=20250301T183228, end_date=20250301T183231
[2025-03-01T18:32:31.319+0000] {local_task_job_runner.py:266} INFO - Task exited with return code 0
[2025-03-01T18:32:31.343+0000] {taskinstance.py:3901} INFO - 1 downstream tasks scheduled from follow-on schedule check
[2025-03-01T18:32:31.345+0000] {local_task_job_runner.py:245} INFO - ::endgroup::
