[2025-02-28T02:17:49.593+0000] {local_task_job_runner.py:123} INFO - ::group::Pre task execution logs
[2025-02-28T02:17:49.754+0000] {taskinstance.py:2614} INFO - Dependencies all met for dep_context=non-requeueable deps ti=<TaskInstance: json_ingestion_s3_partitioned.upload_product_metadata scheduled__2025-02-27T00:00:00+00:00 [queued]>
[2025-02-28T02:17:49.832+0000] {taskinstance.py:2614} INFO - Dependencies all met for dep_context=requeueable deps ti=<TaskInstance: json_ingestion_s3_partitioned.upload_product_metadata scheduled__2025-02-27T00:00:00+00:00 [queued]>
[2025-02-28T02:17:49.835+0000] {taskinstance.py:2867} INFO - Starting attempt 1 of 2
[2025-02-28T02:17:49.938+0000] {taskinstance.py:2890} INFO - Executing <Task(PythonOperator): upload_product_metadata> on 2025-02-27 00:00:00+00:00
[2025-02-28T02:17:49.977+0000] {logging_mixin.py:190} WARNING - /home/***/.local/lib/python3.12/site-packages/***/task/task_runner/standard_task_runner.py:70 DeprecationWarning: This process (pid=7438) is multi-threaded, use of fork() may lead to deadlocks in the child.
[2025-02-28T02:17:49.984+0000] {standard_task_runner.py:72} INFO - Started process 7439 to run task
[2025-02-28T02:17:49.976+0000] {standard_task_runner.py:104} INFO - Running: ['***', 'tasks', 'run', 'json_ingestion_s3_partitioned', 'upload_product_metadata', 'scheduled__2025-02-27T00:00:00+00:00', '--job-id', '66', '--raw', '--subdir', 'DAGS_FOLDER/ingestion_dag.py', '--cfg-path', '/tmp/tmpdrg8tnw7']
[2025-02-28T02:17:49.991+0000] {standard_task_runner.py:105} INFO - Job 66: Subtask upload_product_metadata
[2025-02-28T02:17:50.100+0000] {logging_mixin.py:190} WARNING - /home/***/.local/lib/python3.12/site-packages/***/settings.py:209 DeprecationWarning: The sql_alchemy_conn option in [core] has been moved to the sql_alchemy_conn option in [database] - the old setting has been used, but please update your config.
[2025-02-28T02:17:50.449+0000] {task_command.py:467} INFO - Running <TaskInstance: json_ingestion_s3_partitioned.upload_product_metadata scheduled__2025-02-27T00:00:00+00:00 [running]> on host be61fafefd76
[2025-02-28T02:17:50.487+0000] {logging_mixin.py:190} WARNING - /home/***/.local/lib/python3.12/site-packages/***/settings.py:470 DeprecationWarning: The sql_alchemy_conn option in [core] has been moved to the sql_alchemy_conn option in [database] - the old setting has been used, but please update your config.
[2025-02-28T02:17:51.515+0000] {taskinstance.py:3134} INFO - Exporting env vars: AIRFLOW_CTX_DAG_OWNER='***' AIRFLOW_CTX_DAG_ID='json_ingestion_s3_partitioned' AIRFLOW_CTX_TASK_ID='upload_product_metadata' AIRFLOW_CTX_EXECUTION_DATE='2025-02-27T00:00:00+00:00' AIRFLOW_CTX_TRY_NUMBER='1' AIRFLOW_CTX_DAG_RUN_ID='scheduled__2025-02-27T00:00:00+00:00'
[2025-02-28T02:17:51.523+0000] {taskinstance.py:732} INFO - ::endgroup::
[2025-02-28T02:17:51.655+0000] {logging_mixin.py:190} INFO - Partition Path: 2025-02-27/
[2025-02-28T02:17:51.667+0000] {logging_mixin.py:190} INFO - Uploading product_metadata.json to product_metadata/2025-02-27/product_metadata.json
[2025-02-28T02:18:00.950+0000] {logging_mixin.py:190} INFO - Error uploading product_metadata.json: Could not connect to the endpoint URL: "https://dataingestionjson.s3.amazonaws.com/product_metadata/2025-02-27/product_metadata.json"
[2025-02-28T02:18:00.954+0000] {python.py:240} INFO - Done. Returned value was: None
[2025-02-28T02:18:01.022+0000] {taskinstance.py:341} INFO - ::group::Post task execution logs
[2025-02-28T02:18:01.033+0000] {taskinstance.py:353} INFO - Marking task as SUCCESS. dag_id=json_ingestion_s3_partitioned, task_id=upload_product_metadata, run_id=scheduled__2025-02-27T00:00:00+00:00, execution_date=20250227T000000, start_date=20250228T021749, end_date=20250228T021801
[2025-02-28T02:18:01.283+0000] {local_task_job_runner.py:266} INFO - Task exited with return code 0
[2025-02-28T02:18:01.399+0000] {taskinstance.py:3901} INFO - 0 downstream tasks scheduled from follow-on schedule check
[2025-02-28T02:18:01.408+0000] {local_task_job_runner.py:245} INFO - ::endgroup::
