[2025-03-01T19:20:49.581+0000] {local_task_job_runner.py:123} INFO - ::group::Pre task execution logs
[2025-03-01T19:20:49.596+0000] {taskinstance.py:2614} INFO - Dependencies all met for dep_context=non-requeueable deps ti=<TaskInstance: redshift_query_dag.execute_total_revenue_by_category manual__2025-03-01T19:20:47.744415+00:00 [queued]>
[2025-03-01T19:20:49.605+0000] {taskinstance.py:2614} INFO - Dependencies all met for dep_context=requeueable deps ti=<TaskInstance: redshift_query_dag.execute_total_revenue_by_category manual__2025-03-01T19:20:47.744415+00:00 [queued]>
[2025-03-01T19:20:49.605+0000] {taskinstance.py:2867} INFO - Starting attempt 1 of 2
[2025-03-01T19:20:49.618+0000] {taskinstance.py:2890} INFO - Executing <Task(PythonOperator): execute_total_revenue_by_category> on 2025-03-01 19:20:47.744415+00:00
[2025-03-01T19:20:49.627+0000] {logging_mixin.py:190} WARNING - /home/***/.local/lib/python3.12/site-packages/***/task/task_runner/standard_task_runner.py:70 DeprecationWarning: This process (pid=8881) is multi-threaded, use of fork() may lead to deadlocks in the child.
[2025-03-01T19:20:49.628+0000] {standard_task_runner.py:72} INFO - Started process 8883 to run task
[2025-03-01T19:20:49.628+0000] {standard_task_runner.py:104} INFO - Running: ['***', 'tasks', 'run', 'redshift_query_dag', 'execute_total_revenue_by_category', 'manual__2025-03-01T19:20:47.744415+00:00', '--job-id', '121', '--raw', '--subdir', 'DAGS_FOLDER/final_aggregation_dag.py', '--cfg-path', '/tmp/tmp6f7uzjhw']
[2025-03-01T19:20:49.629+0000] {standard_task_runner.py:105} INFO - Job 121: Subtask execute_total_revenue_by_category
[2025-03-01T19:20:49.645+0000] {logging_mixin.py:190} WARNING - /home/***/.local/lib/python3.12/site-packages/***/settings.py:209 DeprecationWarning: The sql_alchemy_conn option in [core] has been moved to the sql_alchemy_conn option in [database] - the old setting has been used, but please update your config.
[2025-03-01T19:20:49.679+0000] {task_command.py:467} INFO - Running <TaskInstance: redshift_query_dag.execute_total_revenue_by_category manual__2025-03-01T19:20:47.744415+00:00 [running]> on host 763fac820cd7
[2025-03-01T19:20:49.771+0000] {taskinstance.py:3134} INFO - Exporting env vars: AIRFLOW_CTX_DAG_OWNER='***' AIRFLOW_CTX_DAG_ID='redshift_query_dag' AIRFLOW_CTX_TASK_ID='execute_total_revenue_by_category' AIRFLOW_CTX_EXECUTION_DATE='2025-03-01T19:20:47.744415+00:00' AIRFLOW_CTX_TRY_NUMBER='1' AIRFLOW_CTX_DAG_RUN_ID='manual__2025-03-01T19:20:47.744415+00:00'
[2025-03-01T19:20:49.772+0000] {taskinstance.py:732} INFO - ::endgroup::
[2025-03-01T19:20:52.258+0000] {logging_mixin.py:190} INFO - Error executing query: column "revenue" does not exist in transformed_processed
[2025-03-01T19:20:52.260+0000] {python.py:240} INFO - Done. Returned value was: None
[2025-03-01T19:20:52.272+0000] {taskinstance.py:341} INFO - ::group::Post task execution logs
[2025-03-01T19:20:52.273+0000] {taskinstance.py:353} INFO - Marking task as SUCCESS. dag_id=redshift_query_dag, task_id=execute_total_revenue_by_category, run_id=manual__2025-03-01T19:20:47.744415+00:00, execution_date=20250301T192047, start_date=20250301T192049, end_date=20250301T192052
[2025-03-01T19:20:52.325+0000] {local_task_job_runner.py:266} INFO - Task exited with return code 0
[2025-03-01T19:20:52.353+0000] {taskinstance.py:3901} INFO - 1 downstream tasks scheduled from follow-on schedule check
[2025-03-01T19:20:52.354+0000] {local_task_job_runner.py:245} INFO - ::endgroup::
