[2025-03-03T02:53:32.228+0000] {local_task_job_runner.py:123} INFO - ::group::Pre task execution logs
[2025-03-03T02:53:32.243+0000] {taskinstance.py:2614} INFO - Dependencies all met for dep_context=non-requeueable deps ti=<TaskInstance: s3_to_redshift_transformed.run_etl_task scheduled__2025-03-02T00:00:00+00:00 [queued]>
[2025-03-03T02:53:32.251+0000] {taskinstance.py:2614} INFO - Dependencies all met for dep_context=requeueable deps ti=<TaskInstance: s3_to_redshift_transformed.run_etl_task scheduled__2025-03-02T00:00:00+00:00 [queued]>
[2025-03-03T02:53:32.251+0000] {taskinstance.py:2867} INFO - Starting attempt 2 of 2
[2025-03-03T02:53:32.262+0000] {taskinstance.py:2890} INFO - Executing <Task(PythonOperator): run_etl_task> on 2025-03-02 00:00:00+00:00
[2025-03-03T02:53:32.269+0000] {logging_mixin.py:190} WARNING - /home/***/.local/lib/python3.12/site-packages/***/task/task_runner/standard_task_runner.py:70 DeprecationWarning: This process (pid=517) is multi-threaded, use of fork() may lead to deadlocks in the child.
[2025-03-03T02:53:32.270+0000] {standard_task_runner.py:72} INFO - Started process 519 to run task
[2025-03-03T02:53:32.269+0000] {standard_task_runner.py:104} INFO - Running: ['***', 'tasks', 'run', 's3_to_redshift_transformed', 'run_etl_task', 'scheduled__2025-03-02T00:00:00+00:00', '--job-id', '197', '--raw', '--subdir', 'DAGS_FOLDER/s3_transformation_redshift_dag.py', '--cfg-path', '/tmp/tmpflxglaac']
[2025-03-03T02:53:32.271+0000] {standard_task_runner.py:105} INFO - Job 197: Subtask run_etl_task
[2025-03-03T02:53:32.285+0000] {logging_mixin.py:190} WARNING - /home/***/.local/lib/python3.12/site-packages/***/settings.py:209 DeprecationWarning: The sql_alchemy_conn option in [core] has been moved to the sql_alchemy_conn option in [database] - the old setting has been used, but please update your config.
[2025-03-03T02:53:32.321+0000] {task_command.py:467} INFO - Running <TaskInstance: s3_to_redshift_transformed.run_etl_task scheduled__2025-03-02T00:00:00+00:00 [running]> on host 22871c84ed32
[2025-03-03T02:53:32.323+0000] {logging_mixin.py:190} WARNING - /home/***/.local/lib/python3.12/site-packages/***/settings.py:470 DeprecationWarning: The sql_alchemy_conn option in [core] has been moved to the sql_alchemy_conn option in [database] - the old setting has been used, but please update your config.
[2025-03-03T02:53:32.401+0000] {taskinstance.py:3134} INFO - Exporting env vars: AIRFLOW_CTX_DAG_OWNER='***' AIRFLOW_CTX_DAG_ID='s3_to_redshift_transformed' AIRFLOW_CTX_TASK_ID='run_etl_task' AIRFLOW_CTX_EXECUTION_DATE='2025-03-02T00:00:00+00:00' AIRFLOW_CTX_TRY_NUMBER='2' AIRFLOW_CTX_DAG_RUN_ID='scheduled__2025-03-02T00:00:00+00:00'
[2025-03-03T02:53:32.402+0000] {taskinstance.py:732} INFO - ::endgroup::
[2025-03-03T02:53:34.112+0000] {logging_mixin.py:190} INFO -          event_type  user_id  product_id  amount             timestamp  stock
0          purchase      1.0         101   29.99  2024-10-08T12:00:00Z    NaN
1         page_view      2.0         102     NaN  2024-10-08T12:01:00Z    NaN
2          purchase      1.0         102   19.99  2024-10-08T12:02:00Z    NaN
3  inventory_update      NaN         101     NaN  2024-10-08T12:03:00Z   50.0
4          purchase      3.0         103   39.99  2024-10-08T12:04:00Z    NaN
[2025-03-03T02:53:34.118+0000] {logging_mixin.py:190} INFO - Rename      event_type  user_id  product_id  amount             timestamp
0      purchase        1         101   49.99  2024-10-13T14:00:00Z
1     page_view        2         102     NaN  2024-10-13T14:10:00Z
2  wishlist_add        3         103     NaN  2024-10-13T14:20:00Z
[2025-03-03T02:53:34.134+0000] {logging_mixin.py:190} INFO - New column      event_type  user_id  product_id  amount                 timestamp  stock
0      purchase        1         101   49.99 2024-10-13 14:00:00+00:00    0.0
1     page_view        2         102    0.00 2024-10-13 14:10:00+00:00    0.0
2  wishlist_add        3         103    0.00 2024-10-13 14:20:00+00:00    0.0
[2025-03-03T02:53:34.143+0000] {logging_mixin.py:190} INFO -      event_type  user_id  product_id  amount                  timestamp  stock
0      purchase      1.0         101   49.99  2024-10-13 14:00:00+00:00    0.0
1     page_view      2.0         102    0.00  2024-10-13 14:10:00+00:00    0.0
2  wishlist_add      3.0         103    0.00  2024-10-13 14:20:00+00:00    0.0
3      purchase      1.0         101   29.99       2024-10-08T12:00:00Z    0.0
4     page_view      2.0         102    0.00       2024-10-08T12:01:00Z    0.0
5      purchase      1.0         102   19.99       2024-10-08T12:02:00Z    0.0
6      purchase      3.0         103   39.99       2024-10-08T12:04:00Z    0.0
[2025-03-03T02:53:34.151+0000] {logging_mixin.py:190} INFO - Enrichment      event_type  user_id  product_id  amount                 Timestamp  stock
0      purchase      1.0         101   49.99 2024-10-13 14:00:00+00:00    0.0
1     page_view      2.0         102    0.00 2024-10-13 14:10:00+00:00    0.0
2  wishlist_add      3.0         103    0.00 2024-10-13 14:20:00+00:00    0.0
3      purchase      1.0         101   29.99 2024-10-08 12:00:00+00:00    0.0
4     page_view      2.0         102    0.00 2024-10-08 12:01:00+00:00    0.0
5      purchase      1.0         102   19.99 2024-10-08 12:02:00+00:00    0.0
6      purchase      3.0         103   39.99 2024-10-08 12:04:00+00:00    0.0
[2025-03-03T02:53:34.848+0000] {logging_mixin.py:190} INFO - Processed data uploaded to s3://dataingestionjson/processed/transformed_data.parquet
[2025-03-03T02:53:38.063+0000] {logging_mixin.py:190} INFO - Data successfully loaded into Redshift table: transformed.transformed_processed
[2025-03-03T02:53:38.065+0000] {python.py:240} INFO - Done. Returned value was: None
[2025-03-03T02:53:38.077+0000] {taskinstance.py:341} INFO - ::group::Post task execution logs
[2025-03-03T02:53:38.077+0000] {taskinstance.py:353} INFO - Marking task as SUCCESS. dag_id=s3_to_redshift_transformed, task_id=run_etl_task, run_id=scheduled__2025-03-02T00:00:00+00:00, execution_date=20250302T000000, start_date=20250303T025332, end_date=20250303T025338
[2025-03-03T02:53:38.153+0000] {local_task_job_runner.py:266} INFO - Task exited with return code 0
[2025-03-03T02:53:38.168+0000] {taskinstance.py:3901} INFO - 0 downstream tasks scheduled from follow-on schedule check
[2025-03-03T02:53:38.169+0000] {local_task_job_runner.py:245} INFO - ::endgroup::
