[2025-03-02T13:03:45.490+0000] {local_task_job_runner.py:123} INFO - ::group::Pre task execution logs
[2025-03-02T13:03:45.518+0000] {taskinstance.py:2614} INFO - Dependencies all met for dep_context=non-requeueable deps ti=<TaskInstance: redshift_to_s3_dag.upload_to_s3 manual__2025-03-02T13:03:39.999356+00:00 [queued]>
[2025-03-02T13:03:45.532+0000] {taskinstance.py:2614} INFO - Dependencies all met for dep_context=requeueable deps ti=<TaskInstance: redshift_to_s3_dag.upload_to_s3 manual__2025-03-02T13:03:39.999356+00:00 [queued]>
[2025-03-02T13:03:45.533+0000] {taskinstance.py:2867} INFO - Starting attempt 1 of 2
[2025-03-02T13:03:45.545+0000] {taskinstance.py:2890} INFO - Executing <Task(PythonOperator): upload_to_s3> on 2025-03-02 13:03:39.999356+00:00
[2025-03-02T13:03:45.554+0000] {logging_mixin.py:190} WARNING - /home/***/.local/lib/python3.12/site-packages/***/task/task_runner/standard_task_runner.py:70 DeprecationWarning: This process (pid=17043) is multi-threaded, use of fork() may lead to deadlocks in the child.
[2025-03-02T13:03:45.555+0000] {standard_task_runner.py:72} INFO - Started process 17048 to run task
[2025-03-02T13:03:45.554+0000] {standard_task_runner.py:104} INFO - Running: ['***', 'tasks', 'run', 'redshift_to_s3_dag', 'upload_to_s3', 'manual__2025-03-02T13:03:39.999356+00:00', '--job-id', '180', '--raw', '--subdir', 'DAGS_FOLDER/final_aggregation_dag.py', '--cfg-path', '/tmp/tmp_hyn0dzl']
[2025-03-02T13:03:45.556+0000] {standard_task_runner.py:105} INFO - Job 180: Subtask upload_to_s3
[2025-03-02T13:03:45.572+0000] {logging_mixin.py:190} WARNING - /home/***/.local/lib/python3.12/site-packages/***/settings.py:209 DeprecationWarning: The sql_alchemy_conn option in [core] has been moved to the sql_alchemy_conn option in [database] - the old setting has been used, but please update your config.
[2025-03-02T13:03:45.607+0000] {task_command.py:467} INFO - Running <TaskInstance: redshift_to_s3_dag.upload_to_s3 manual__2025-03-02T13:03:39.999356+00:00 [running]> on host 22871c84ed32
[2025-03-02T13:03:45.701+0000] {taskinstance.py:3134} INFO - Exporting env vars: AIRFLOW_CTX_DAG_OWNER='***' AIRFLOW_CTX_DAG_ID='redshift_to_s3_dag' AIRFLOW_CTX_TASK_ID='upload_to_s3' AIRFLOW_CTX_EXECUTION_DATE='2025-03-02T13:03:39.999356+00:00' AIRFLOW_CTX_TRY_NUMBER='1' AIRFLOW_CTX_DAG_RUN_ID='manual__2025-03-02T13:03:39.999356+00:00'
[2025-03-02T13:03:45.702+0000] {taskinstance.py:732} INFO - ::endgroup::
[2025-03-02T13:03:45.746+0000] {credentials.py:1278} INFO - Found credentials in shared credentials file: ~/.aws/credentials
[2025-03-02T13:03:47.051+0000] {logging_mixin.py:190} INFO - Uploaded /tmp/total_revenue_by_category.csv to s3://finalresultsevents/final_metrics_result/total_revenue_by_category.csv
[2025-03-02T13:03:48.100+0000] {logging_mixin.py:190} INFO - Uploaded /tmp/top_3_most_viewed_products.csv to s3://finalresultsevents/final_metrics_result/top_3_most_viewed_products.csv
[2025-03-02T13:03:48.111+0000] {python.py:240} INFO - Done. Returned value was: None
[2025-03-02T13:03:48.121+0000] {taskinstance.py:341} INFO - ::group::Post task execution logs
[2025-03-02T13:03:48.122+0000] {taskinstance.py:353} INFO - Marking task as SUCCESS. dag_id=redshift_to_s3_dag, task_id=upload_to_s3, run_id=manual__2025-03-02T13:03:39.999356+00:00, execution_date=20250302T130339, start_date=20250302T130345, end_date=20250302T130348
[2025-03-02T13:03:48.157+0000] {local_task_job_runner.py:266} INFO - Task exited with return code 0
[2025-03-02T13:03:48.179+0000] {taskinstance.py:3901} INFO - 0 downstream tasks scheduled from follow-on schedule check
[2025-03-02T13:03:48.181+0000] {local_task_job_runner.py:245} INFO - ::endgroup::
