[2025-03-03T02:50:41.981+0000] {local_task_job_runner.py:123} INFO - ::group::Pre task execution logs
[2025-03-03T02:50:42.003+0000] {taskinstance.py:2614} INFO - Dependencies all met for dep_context=non-requeueable deps ti=<TaskInstance: json_ingestion_s3_partitioned.upload_events manual__2025-03-03T02:50:40.577467+00:00 [queued]>
[2025-03-03T02:50:42.013+0000] {taskinstance.py:2614} INFO - Dependencies all met for dep_context=requeueable deps ti=<TaskInstance: json_ingestion_s3_partitioned.upload_events manual__2025-03-03T02:50:40.577467+00:00 [queued]>
[2025-03-03T02:50:42.014+0000] {taskinstance.py:2867} INFO - Starting attempt 1 of 2
[2025-03-03T02:50:42.031+0000] {taskinstance.py:2890} INFO - Executing <Task(PythonOperator): upload_events> on 2025-03-03 02:50:40.577467+00:00
[2025-03-03T02:50:42.039+0000] {logging_mixin.py:190} WARNING - /home/***/.local/lib/python3.12/site-packages/***/task/task_runner/standard_task_runner.py:70 DeprecationWarning: This process (pid=368) is multi-threaded, use of fork() may lead to deadlocks in the child.
[2025-03-03T02:50:42.041+0000] {standard_task_runner.py:72} INFO - Started process 369 to run task
[2025-03-03T02:50:42.040+0000] {standard_task_runner.py:104} INFO - Running: ['***', 'tasks', 'run', 'json_ingestion_s3_partitioned', 'upload_events', 'manual__2025-03-03T02:50:40.577467+00:00', '--job-id', '194', '--raw', '--subdir', 'DAGS_FOLDER/ingestion_dag.py', '--cfg-path', '/tmp/tmpdqgwnkkl']
[2025-03-03T02:50:42.042+0000] {standard_task_runner.py:105} INFO - Job 194: Subtask upload_events
[2025-03-03T02:50:42.059+0000] {logging_mixin.py:190} WARNING - /home/***/.local/lib/python3.12/site-packages/***/settings.py:209 DeprecationWarning: The sql_alchemy_conn option in [core] has been moved to the sql_alchemy_conn option in [database] - the old setting has been used, but please update your config.
[2025-03-03T02:50:42.097+0000] {task_command.py:467} INFO - Running <TaskInstance: json_ingestion_s3_partitioned.upload_events manual__2025-03-03T02:50:40.577467+00:00 [running]> on host 22871c84ed32
[2025-03-03T02:50:42.192+0000] {taskinstance.py:3134} INFO - Exporting env vars: AIRFLOW_CTX_DAG_OWNER='***' AIRFLOW_CTX_DAG_ID='json_ingestion_s3_partitioned' AIRFLOW_CTX_TASK_ID='upload_events' AIRFLOW_CTX_EXECUTION_DATE='2025-03-03T02:50:40.577467+00:00' AIRFLOW_CTX_TRY_NUMBER='1' AIRFLOW_CTX_DAG_RUN_ID='manual__2025-03-03T02:50:40.577467+00:00'
[2025-03-03T02:50:42.193+0000] {taskinstance.py:732} INFO - ::endgroup::
[2025-03-03T02:50:42.208+0000] {logging_mixin.py:190} INFO - Partition Path: 2025-03-03/
[2025-03-03T02:50:42.210+0000] {logging_mixin.py:190} INFO - Uploading events.json to users_events/2025-03-03/events.json
[2025-03-03T02:50:43.468+0000] {logging_mixin.py:190} INFO - Uploaded: events.json to S3://dataingestionjson/users_events/2025-03-03/events.json
[2025-03-03T02:50:43.468+0000] {python.py:240} INFO - Done. Returned value was: None
[2025-03-03T02:50:43.479+0000] {taskinstance.py:341} INFO - ::group::Post task execution logs
[2025-03-03T02:50:43.480+0000] {taskinstance.py:353} INFO - Marking task as SUCCESS. dag_id=json_ingestion_s3_partitioned, task_id=upload_events, run_id=manual__2025-03-03T02:50:40.577467+00:00, execution_date=20250303T025040, start_date=20250303T025042, end_date=20250303T025043
[2025-03-03T02:50:43.537+0000] {local_task_job_runner.py:266} INFO - Task exited with return code 0
[2025-03-03T02:50:43.571+0000] {taskinstance.py:3901} INFO - 1 downstream tasks scheduled from follow-on schedule check
[2025-03-03T02:50:43.573+0000] {local_task_job_runner.py:245} INFO - ::endgroup::
