[2025-03-02T07:30:26.556+0000] {local_task_job_runner.py:123} INFO - ::group::Pre task execution logs
[2025-03-02T07:30:26.584+0000] {taskinstance.py:2614} INFO - Dependencies all met for dep_context=non-requeueable deps ti=<TaskInstance: s3_to_redshift_transformed.run_etl_task manual__2025-03-02T07:24:51.049723+00:00 [queued]>
[2025-03-02T07:30:26.595+0000] {taskinstance.py:2614} INFO - Dependencies all met for dep_context=requeueable deps ti=<TaskInstance: s3_to_redshift_transformed.run_etl_task manual__2025-03-02T07:24:51.049723+00:00 [queued]>
[2025-03-02T07:30:26.596+0000] {taskinstance.py:2867} INFO - Starting attempt 3 of 2
[2025-03-02T07:30:26.611+0000] {taskinstance.py:2890} INFO - Executing <Task(PythonOperator): run_etl_task> on 2025-03-02 07:24:51.049723+00:00
[2025-03-02T07:30:26.620+0000] {logging_mixin.py:190} WARNING - /home/***/.local/lib/python3.12/site-packages/***/task/task_runner/standard_task_runner.py:70 DeprecationWarning: This process (pid=171) is multi-threaded, use of fork() may lead to deadlocks in the child.
[2025-03-02T07:30:26.622+0000] {standard_task_runner.py:72} INFO - Started process 193 to run task
[2025-03-02T07:30:26.621+0000] {standard_task_runner.py:104} INFO - Running: ['***', 'tasks', 'run', 's3_to_redshift_transformed', 'run_etl_task', 'manual__2025-03-02T07:24:51.049723+00:00', '--job-id', '150', '--raw', '--subdir', 'DAGS_FOLDER/s3_transformation_redshift_dag.py', '--cfg-path', '/tmp/tmpz6wp6tgs']
[2025-03-02T07:30:26.624+0000] {standard_task_runner.py:105} INFO - Job 150: Subtask run_etl_task
[2025-03-02T07:30:26.644+0000] {logging_mixin.py:190} WARNING - /home/***/.local/lib/python3.12/site-packages/***/settings.py:209 DeprecationWarning: The sql_alchemy_conn option in [core] has been moved to the sql_alchemy_conn option in [database] - the old setting has been used, but please update your config.
[2025-03-02T07:30:26.685+0000] {task_command.py:467} INFO - Running <TaskInstance: s3_to_redshift_transformed.run_etl_task manual__2025-03-02T07:24:51.049723+00:00 [running]> on host 22871c84ed32
[2025-03-02T07:30:26.789+0000] {taskinstance.py:3134} INFO - Exporting env vars: AIRFLOW_CTX_DAG_OWNER='***' AIRFLOW_CTX_DAG_ID='s3_to_redshift_transformed' AIRFLOW_CTX_TASK_ID='run_etl_task' AIRFLOW_CTX_EXECUTION_DATE='2025-03-02T07:24:51.049723+00:00' AIRFLOW_CTX_TRY_NUMBER='3' AIRFLOW_CTX_DAG_RUN_ID='manual__2025-03-02T07:24:51.049723+00:00'
[2025-03-02T07:30:26.790+0000] {taskinstance.py:732} INFO - ::endgroup::
[2025-03-02T07:30:28.788+0000] {logging_mixin.py:190} INFO -   event_details.event_type  event_details.user.user_id  ...  stock  partition_date
0                 purchase                           1  ...    0.0      2024-10-13
1                page_view                           2  ...    0.0      2024-10-13
2                page_view                           2  ...    0.0      2024-10-13
3             wishlist_add                           3  ...    0.0      2024-10-13

[4 rows x 12 columns]
[2025-03-02T07:30:29.865+0000] {logging_mixin.py:190} INFO - Processed data uploaded to s3://dataingestionjson/processed/2025-02-28/transformed_data.parquet
[2025-03-02T07:30:32.909+0000] {logging_mixin.py:190} INFO - Data successfully loaded into Redshift table: transformed.transformed_processed
[2025-03-02T07:30:32.910+0000] {python.py:240} INFO - Done. Returned value was: None
[2025-03-02T07:30:32.918+0000] {taskinstance.py:341} INFO - ::group::Post task execution logs
[2025-03-02T07:30:32.919+0000] {taskinstance.py:353} INFO - Marking task as SUCCESS. dag_id=s3_to_redshift_transformed, task_id=run_etl_task, run_id=manual__2025-03-02T07:24:51.049723+00:00, execution_date=20250302T072451, start_date=20250302T073026, end_date=20250302T073032
[2025-03-02T07:30:32.963+0000] {local_task_job_runner.py:266} INFO - Task exited with return code 0
[2025-03-02T07:30:32.979+0000] {taskinstance.py:3901} INFO - 0 downstream tasks scheduled from follow-on schedule check
[2025-03-02T07:30:32.980+0000] {local_task_job_runner.py:245} INFO - ::endgroup::
