[2025-03-02T08:44:07.116+0000] {local_task_job_runner.py:123} INFO - ::group::Pre task execution logs
[2025-03-02T08:44:07.135+0000] {taskinstance.py:2614} INFO - Dependencies all met for dep_context=non-requeueable deps ti=<TaskInstance: s3_to_redshift_transformed.run_etl_task manual__2025-03-02T08:44:05.598981+00:00 [queued]>
[2025-03-02T08:44:07.145+0000] {taskinstance.py:2614} INFO - Dependencies all met for dep_context=requeueable deps ti=<TaskInstance: s3_to_redshift_transformed.run_etl_task manual__2025-03-02T08:44:05.598981+00:00 [queued]>
[2025-03-02T08:44:07.145+0000] {taskinstance.py:2867} INFO - Starting attempt 1 of 2
[2025-03-02T08:44:07.159+0000] {taskinstance.py:2890} INFO - Executing <Task(PythonOperator): run_etl_task> on 2025-03-02 08:44:05.598981+00:00
[2025-03-02T08:44:07.168+0000] {logging_mixin.py:190} WARNING - /home/***/.local/lib/python3.12/site-packages/***/task/task_runner/standard_task_runner.py:70 DeprecationWarning: This process (pid=4073) is multi-threaded, use of fork() may lead to deadlocks in the child.
[2025-03-02T08:44:07.169+0000] {standard_task_runner.py:72} INFO - Started process 4078 to run task
[2025-03-02T08:44:07.168+0000] {standard_task_runner.py:104} INFO - Running: ['***', 'tasks', 'run', 's3_to_redshift_transformed', 'run_etl_task', 'manual__2025-03-02T08:44:05.598981+00:00', '--job-id', '155', '--raw', '--subdir', 'DAGS_FOLDER/s3_transformation_redshift_dag.py', '--cfg-path', '/tmp/tmpfkn0q3oh']
[2025-03-02T08:44:07.171+0000] {standard_task_runner.py:105} INFO - Job 155: Subtask run_etl_task
[2025-03-02T08:44:07.187+0000] {logging_mixin.py:190} WARNING - /home/***/.local/lib/python3.12/site-packages/***/settings.py:209 DeprecationWarning: The sql_alchemy_conn option in [core] has been moved to the sql_alchemy_conn option in [database] - the old setting has been used, but please update your config.
[2025-03-02T08:44:07.227+0000] {task_command.py:467} INFO - Running <TaskInstance: s3_to_redshift_transformed.run_etl_task manual__2025-03-02T08:44:05.598981+00:00 [running]> on host 22871c84ed32
[2025-03-02T08:44:07.331+0000] {taskinstance.py:3134} INFO - Exporting env vars: AIRFLOW_CTX_DAG_OWNER='***' AIRFLOW_CTX_DAG_ID='s3_to_redshift_transformed' AIRFLOW_CTX_TASK_ID='run_etl_task' AIRFLOW_CTX_EXECUTION_DATE='2025-03-02T08:44:05.598981+00:00' AIRFLOW_CTX_TRY_NUMBER='1' AIRFLOW_CTX_DAG_RUN_ID='manual__2025-03-02T08:44:05.598981+00:00'
[2025-03-02T08:44:07.332+0000] {taskinstance.py:732} INFO - ::endgroup::
[2025-03-02T08:44:08.588+0000] {logging_mixin.py:190} INFO - Empty DataFrame
Columns: []
Index: []
[2025-03-02T08:44:08.589+0000] {python.py:240} INFO - Done. Returned value was: None
[2025-03-02T08:44:08.600+0000] {taskinstance.py:341} INFO - ::group::Post task execution logs
[2025-03-02T08:44:08.600+0000] {taskinstance.py:353} INFO - Marking task as SUCCESS. dag_id=s3_to_redshift_transformed, task_id=run_etl_task, run_id=manual__2025-03-02T08:44:05.598981+00:00, execution_date=20250302T084405, start_date=20250302T084407, end_date=20250302T084408
[2025-03-02T08:44:08.663+0000] {local_task_job_runner.py:266} INFO - Task exited with return code 0
[2025-03-02T08:44:08.683+0000] {taskinstance.py:3901} INFO - 0 downstream tasks scheduled from follow-on schedule check
[2025-03-02T08:44:08.685+0000] {local_task_job_runner.py:245} INFO - ::endgroup::
