[2025-03-01T19:38:20.009+0000] {local_task_job_runner.py:123} INFO - ::group::Pre task execution logs
[2025-03-01T19:38:20.034+0000] {taskinstance.py:2614} INFO - Dependencies all met for dep_context=non-requeueable deps ti=<TaskInstance: redshift_to_s3_dag.upload_to_s3 scheduled__2025-02-28T00:00:00+00:00 [queued]>
[2025-03-01T19:38:20.052+0000] {taskinstance.py:2614} INFO - Dependencies all met for dep_context=requeueable deps ti=<TaskInstance: redshift_to_s3_dag.upload_to_s3 scheduled__2025-02-28T00:00:00+00:00 [queued]>
[2025-03-01T19:38:20.053+0000] {taskinstance.py:2867} INFO - Starting attempt 1 of 2
[2025-03-01T19:38:20.070+0000] {taskinstance.py:2890} INFO - Executing <Task(PythonOperator): upload_to_s3> on 2025-02-28 00:00:00+00:00
[2025-03-01T19:38:20.079+0000] {logging_mixin.py:190} WARNING - /home/***/.local/lib/python3.12/site-packages/***/task/task_runner/standard_task_runner.py:70 DeprecationWarning: This process (pid=9832) is multi-threaded, use of fork() may lead to deadlocks in the child.
[2025-03-01T19:38:20.081+0000] {standard_task_runner.py:72} INFO - Started process 9835 to run task
[2025-03-01T19:38:20.079+0000] {standard_task_runner.py:104} INFO - Running: ['***', 'tasks', 'run', 'redshift_to_s3_dag', 'upload_to_s3', 'scheduled__2025-02-28T00:00:00+00:00', '--job-id', '130', '--raw', '--subdir', 'DAGS_FOLDER/final_aggregation_dag.py', '--cfg-path', '/tmp/tmp1mqqntay']
[2025-03-01T19:38:20.082+0000] {standard_task_runner.py:105} INFO - Job 130: Subtask upload_to_s3
[2025-03-01T19:38:20.100+0000] {logging_mixin.py:190} WARNING - /home/***/.local/lib/python3.12/site-packages/***/settings.py:209 DeprecationWarning: The sql_alchemy_conn option in [core] has been moved to the sql_alchemy_conn option in [database] - the old setting has been used, but please update your config.
[2025-03-01T19:38:20.145+0000] {task_command.py:467} INFO - Running <TaskInstance: redshift_to_s3_dag.upload_to_s3 scheduled__2025-02-28T00:00:00+00:00 [running]> on host 763fac820cd7
[2025-03-01T19:38:20.148+0000] {logging_mixin.py:190} WARNING - /home/***/.local/lib/python3.12/site-packages/***/settings.py:470 DeprecationWarning: The sql_alchemy_conn option in [core] has been moved to the sql_alchemy_conn option in [database] - the old setting has been used, but please update your config.
[2025-03-01T19:38:20.262+0000] {taskinstance.py:3134} INFO - Exporting env vars: AIRFLOW_CTX_DAG_OWNER='***' AIRFLOW_CTX_DAG_ID='redshift_to_s3_dag' AIRFLOW_CTX_TASK_ID='upload_to_s3' AIRFLOW_CTX_EXECUTION_DATE='2025-02-28T00:00:00+00:00' AIRFLOW_CTX_TRY_NUMBER='1' AIRFLOW_CTX_DAG_RUN_ID='scheduled__2025-02-28T00:00:00+00:00'
[2025-03-01T19:38:20.263+0000] {taskinstance.py:732} INFO - ::endgroup::
[2025-03-01T19:38:20.295+0000] {python.py:240} INFO - Done. Returned value was: None
[2025-03-01T19:38:20.307+0000] {taskinstance.py:341} INFO - ::group::Post task execution logs
[2025-03-01T19:38:20.307+0000] {taskinstance.py:353} INFO - Marking task as SUCCESS. dag_id=redshift_to_s3_dag, task_id=upload_to_s3, run_id=scheduled__2025-02-28T00:00:00+00:00, execution_date=20250228T000000, start_date=20250301T193820, end_date=20250301T193820
[2025-03-01T19:38:20.348+0000] {local_task_job_runner.py:266} INFO - Task exited with return code 0
[2025-03-01T19:38:20.366+0000] {taskinstance.py:3901} INFO - 0 downstream tasks scheduled from follow-on schedule check
[2025-03-01T19:38:20.368+0000] {local_task_job_runner.py:245} INFO - ::endgroup::
