[2025-03-02T13:03:41.800+0000] {local_task_job_runner.py:123} INFO - ::group::Pre task execution logs
[2025-03-02T13:03:41.820+0000] {taskinstance.py:2614} INFO - Dependencies all met for dep_context=non-requeueable deps ti=<TaskInstance: redshift_to_s3_dag.execute_total_revenue_by_category manual__2025-03-02T13:03:39.999356+00:00 [queued]>
[2025-03-02T13:03:41.831+0000] {taskinstance.py:2614} INFO - Dependencies all met for dep_context=requeueable deps ti=<TaskInstance: redshift_to_s3_dag.execute_total_revenue_by_category manual__2025-03-02T13:03:39.999356+00:00 [queued]>
[2025-03-02T13:03:41.832+0000] {taskinstance.py:2867} INFO - Starting attempt 1 of 2
[2025-03-02T13:03:41.851+0000] {taskinstance.py:2890} INFO - Executing <Task(PythonOperator): execute_total_revenue_by_category> on 2025-03-02 13:03:39.999356+00:00
[2025-03-02T13:03:41.860+0000] {logging_mixin.py:190} WARNING - /home/***/.local/lib/python3.12/site-packages/***/task/task_runner/standard_task_runner.py:70 DeprecationWarning: This process (pid=17033) is multi-threaded, use of fork() may lead to deadlocks in the child.
[2025-03-02T13:03:41.862+0000] {standard_task_runner.py:72} INFO - Started process 17040 to run task
[2025-03-02T13:03:41.861+0000] {standard_task_runner.py:104} INFO - Running: ['***', 'tasks', 'run', 'redshift_to_s3_dag', 'execute_total_revenue_by_category', 'manual__2025-03-02T13:03:39.999356+00:00', '--job-id', '179', '--raw', '--subdir', 'DAGS_FOLDER/final_aggregation_dag.py', '--cfg-path', '/tmp/tmp1zgdofmk']
[2025-03-02T13:03:41.864+0000] {standard_task_runner.py:105} INFO - Job 179: Subtask execute_total_revenue_by_category
[2025-03-02T13:03:41.882+0000] {logging_mixin.py:190} WARNING - /home/***/.local/lib/python3.12/site-packages/***/settings.py:209 DeprecationWarning: The sql_alchemy_conn option in [core] has been moved to the sql_alchemy_conn option in [database] - the old setting has been used, but please update your config.
[2025-03-02T13:03:41.920+0000] {task_command.py:467} INFO - Running <TaskInstance: redshift_to_s3_dag.execute_total_revenue_by_category manual__2025-03-02T13:03:39.999356+00:00 [running]> on host 22871c84ed32
[2025-03-02T13:03:42.023+0000] {taskinstance.py:3134} INFO - Exporting env vars: AIRFLOW_CTX_DAG_OWNER='***' AIRFLOW_CTX_DAG_ID='redshift_to_s3_dag' AIRFLOW_CTX_TASK_ID='execute_total_revenue_by_category' AIRFLOW_CTX_EXECUTION_DATE='2025-03-02T13:03:39.999356+00:00' AIRFLOW_CTX_TRY_NUMBER='1' AIRFLOW_CTX_DAG_RUN_ID='manual__2025-03-02T13:03:39.999356+00:00'
[2025-03-02T13:03:42.025+0000] {taskinstance.py:732} INFO - ::endgroup::
[2025-03-02T13:03:44.532+0000] {logging_mixin.py:190} INFO - Query total_revenue_by_category executed. Results saved to /tmp/total_revenue_by_category.csv
[2025-03-02T13:03:44.549+0000] {python.py:240} INFO - Done. Returned value was: None
[2025-03-02T13:03:44.561+0000] {taskinstance.py:341} INFO - ::group::Post task execution logs
[2025-03-02T13:03:44.561+0000] {taskinstance.py:353} INFO - Marking task as SUCCESS. dag_id=redshift_to_s3_dag, task_id=execute_total_revenue_by_category, run_id=manual__2025-03-02T13:03:39.999356+00:00, execution_date=20250302T130339, start_date=20250302T130341, end_date=20250302T130344
[2025-03-02T13:03:44.627+0000] {local_task_job_runner.py:266} INFO - Task exited with return code 0
[2025-03-02T13:03:44.647+0000] {taskinstance.py:3901} INFO - 0 downstream tasks scheduled from follow-on schedule check
[2025-03-02T13:03:44.650+0000] {local_task_job_runner.py:245} INFO - ::endgroup::
