[2025-03-03T02:48:29.281+0000] {local_task_job_runner.py:123} INFO - ::group::Pre task execution logs
[2025-03-03T02:48:29.321+0000] {taskinstance.py:2614} INFO - Dependencies all met for dep_context=non-requeueable deps ti=<TaskInstance: json_ingestion_s3_partitioned.upload_events scheduled__2025-03-02T00:00:00+00:00 [queued]>
[2025-03-03T02:48:29.343+0000] {taskinstance.py:2614} INFO - Dependencies all met for dep_context=requeueable deps ti=<TaskInstance: json_ingestion_s3_partitioned.upload_events scheduled__2025-03-02T00:00:00+00:00 [queued]>
[2025-03-03T02:48:29.344+0000] {taskinstance.py:2867} INFO - Starting attempt 1 of 2
[2025-03-03T02:48:29.373+0000] {taskinstance.py:2890} INFO - Executing <Task(PythonOperator): upload_events> on 2025-03-02 00:00:00+00:00
[2025-03-03T02:48:29.386+0000] {logging_mixin.py:190} WARNING - /home/***/.local/lib/python3.12/site-packages/***/task/task_runner/standard_task_runner.py:70 DeprecationWarning: This process (pid=192) is multi-threaded, use of fork() may lead to deadlocks in the child.
[2025-03-03T02:48:29.389+0000] {standard_task_runner.py:72} INFO - Started process 209 to run task
[2025-03-03T02:48:29.392+0000] {standard_task_runner.py:104} INFO - Running: ['***', 'tasks', 'run', 'json_ingestion_s3_partitioned', 'upload_events', 'scheduled__2025-03-02T00:00:00+00:00', '--job-id', '187', '--raw', '--subdir', 'DAGS_FOLDER/ingestion_dag.py', '--cfg-path', '/tmp/tmpqw0fq0fx']
[2025-03-03T02:48:29.399+0000] {standard_task_runner.py:105} INFO - Job 187: Subtask upload_events
[2025-03-03T02:48:29.423+0000] {logging_mixin.py:190} WARNING - /home/***/.local/lib/python3.12/site-packages/***/settings.py:209 DeprecationWarning: The sql_alchemy_conn option in [core] has been moved to the sql_alchemy_conn option in [database] - the old setting has been used, but please update your config.
[2025-03-03T02:48:29.503+0000] {task_command.py:467} INFO - Running <TaskInstance: json_ingestion_s3_partitioned.upload_events scheduled__2025-03-02T00:00:00+00:00 [running]> on host 22871c84ed32
[2025-03-03T02:48:29.507+0000] {logging_mixin.py:190} WARNING - /home/***/.local/lib/python3.12/site-packages/***/settings.py:470 DeprecationWarning: The sql_alchemy_conn option in [core] has been moved to the sql_alchemy_conn option in [database] - the old setting has been used, but please update your config.
[2025-03-03T02:48:29.693+0000] {taskinstance.py:3134} INFO - Exporting env vars: AIRFLOW_CTX_DAG_OWNER='***' AIRFLOW_CTX_DAG_ID='json_ingestion_s3_partitioned' AIRFLOW_CTX_TASK_ID='upload_events' AIRFLOW_CTX_EXECUTION_DATE='2025-03-02T00:00:00+00:00' AIRFLOW_CTX_TRY_NUMBER='1' AIRFLOW_CTX_DAG_RUN_ID='scheduled__2025-03-02T00:00:00+00:00'
[2025-03-03T02:48:29.696+0000] {taskinstance.py:732} INFO - ::endgroup::
[2025-03-03T02:48:29.730+0000] {logging_mixin.py:190} INFO - Uploading events.json to users_events/events.json
[2025-03-03T02:48:31.074+0000] {logging_mixin.py:190} INFO - Uploaded: events.json to S3://dataingestionjson/users_events/events.json
[2025-03-03T02:48:31.075+0000] {python.py:240} INFO - Done. Returned value was: None
[2025-03-03T02:48:31.087+0000] {taskinstance.py:341} INFO - ::group::Post task execution logs
[2025-03-03T02:48:31.088+0000] {taskinstance.py:353} INFO - Marking task as SUCCESS. dag_id=json_ingestion_s3_partitioned, task_id=upload_events, run_id=scheduled__2025-03-02T00:00:00+00:00, execution_date=20250302T000000, start_date=20250303T024829, end_date=20250303T024831
[2025-03-03T02:48:31.131+0000] {local_task_job_runner.py:266} INFO - Task exited with return code 0
[2025-03-03T02:48:31.161+0000] {taskinstance.py:3901} INFO - 1 downstream tasks scheduled from follow-on schedule check
[2025-03-03T02:48:31.163+0000] {local_task_job_runner.py:245} INFO - ::endgroup::
